<?xml version="1.0" encoding="UTF-8"?>
<!-- Generated by org.testng.reporters.JUnitReportReporter -->
<testsuite hostname="Dan-pc" name="com.osl.automation.testcase.osl.ADVC_URL2_1" tests="1" failures="0" timestamp="28 May 2015 09:03:02 GMT" time="395.716" errors="0">
  <testcase name="case1" time="395.716" classname="com.osl.automation.testcase.osl.ADVC_URL2_1"/>
</testsuite> <!-- com.osl.automation.testcase.osl.ADVC_URL2_1 -->
