<?xml version="1.0" encoding="UTF-8"?>
<!-- Generated by org.testng.reporters.JUnitReportReporter -->
<testsuite hostname="Dan-pc" name="com.osl.automation.testcase.osl.ADVC" tests="1" failures="0" timestamp="24 May 2015 14:13:59 GMT" time="32.897" errors="0">
  <testcase name="case1" time="32.897" classname="com.osl.automation.testcase.osl.ADVC"/>
</testsuite> <!-- com.osl.automation.testcase.osl.ADVC -->
