<?xml version="1.0" encoding="UTF-8"?>
<!-- Generated by org.testng.reporters.JUnitReportReporter -->
<testsuite hostname="zhoupeipei" name="com.osl.automation.testcase.osl.CopyOfEmailTracker3" tests="1" failures="1" timestamp="28 Jun 2015 00:02:52 GMT" time="171.107" errors="0">
  <testcase name="case1" time="171.107" classname="com.osl.automation.testcase.osl.CopyOfEmailTracker3">
    <failure type="org.openqa.selenium.NoSuchWindowException" message="Window not found. The browser window may have been closed.
Command duration or timeout: 140 milliseconds
Build info: version: &#039;2.45.0&#039;, revision: &#039;5017cb8e7ca8e37638dc3091b2440b90a1d8686f&#039;, time: &#039;2015-02-27 09:10:26&#039;
System info: host: &#039;zhoupeipei&#039;, ip: &#039;192.168.0.2&#039;, os.name: &#039;Windows 8.1&#039;, os.arch: &#039;amd64&#039;, os.version: &#039;6.3&#039;, java.version: &#039;1.7.0_79&#039;
Session ID: 09fc124f-0fbf-4eb1-a2d6-ea76bddbac91
Driver info: org.openqa.selenium.firefox.FirefoxDriver
Capabilities [{platform=WINDOWS, acceptSslCerts=true, javascriptEnabled=true, cssSelectorsEnabled=true, databaseEnabled=true, browserName=firefox, handlesAlerts=true, nativeEvents=false, webStorageEnabled=true, rotatable=false, locationContextEnabled=true, applicationCacheEnabled=true, takesScreenshot=true, version=38.0.6}]">
      <![CDATA[org.openqa.selenium.NoSuchWindowException: Window not found. The browser window may have been closed.
Command duration or timeout: 140 milliseconds
Build info: version: '2.45.0', revision: '5017cb8e7ca8e37638dc3091b2440b90a1d8686f', time: '2015-02-27 09:10:26'
System info: host: 'zhoupeipei', ip: '192.168.0.2', os.name: 'Windows 8.1', os.arch: 'amd64', os.version: '6.3', java.version: '1.7.0_79'
Session ID: 09fc124f-0fbf-4eb1-a2d6-ea76bddbac91
Driver info: org.openqa.selenium.firefox.FirefoxDriver
Capabilities [{platform=WINDOWS, acceptSslCerts=true, javascriptEnabled=true, cssSelectorsEnabled=true, databaseEnabled=true, browserName=firefox, handlesAlerts=true, nativeEvents=false, webStorageEnabled=true, rotatable=false, locationContextEnabled=true, applicationCacheEnabled=true, takesScreenshot=true, version=38.0.6}]
	at sun.reflect.NativeConstructorAccessorImpl.newInstance0(Native Method)
	at sun.reflect.NativeConstructorAccessorImpl.newInstance(Unknown Source)
	at sun.reflect.DelegatingConstructorAccessorImpl.newInstance(Unknown Source)
	at java.lang.reflect.Constructor.newInstance(Unknown Source)
	at org.openqa.selenium.remote.ErrorHandler.createThrowable(ErrorHandler.java:204)
	at org.openqa.selenium.remote.ErrorHandler.throwIfResponseFailed(ErrorHandler.java:156)
	at org.openqa.selenium.remote.RemoteWebDriver.execute(RemoteWebDriver.java:599)
	at org.openqa.selenium.firefox.FirefoxDriver.access$100(FirefoxDriver.java:73)
	at org.openqa.selenium.firefox.FirefoxDriver$1$1.implicitlyWait(FirefoxDriver.java:219)
	at com.osl.automation.testcase.osl.CopyOfEmailTracker3.getEmail(CopyOfEmailTracker3.java:71)
	at com.osl.automation.testcase.osl.CopyOfEmailTracker3.getEmail(CopyOfEmailTracker3.java:79)
	at com.osl.automation.testcase.osl.CopyOfEmailTracker3.getEmail(CopyOfEmailTracker3.java:79)
	at com.osl.automation.testcase.osl.CopyOfEmailTracker3.getEmail(CopyOfEmailTracker3.java:79)
	at com.osl.automation.testcase.osl.CopyOfEmailTracker3.getEmail(CopyOfEmailTracker3.java:79)
	at com.osl.automation.testcase.osl.CopyOfEmailTracker3.getEmail(CopyOfEmailTracker3.java:79)
	at com.osl.automation.testcase.osl.CopyOfEmailTracker3.getEmail(CopyOfEmailTracker3.java:79)
	at com.osl.automation.testcase.osl.CopyOfEmailTracker3.getEmail(CopyOfEmailTracker3.java:79)
	at com.osl.automation.testcase.osl.CopyOfEmailTracker3.getEmail(CopyOfEmailTracker3.java:79)
	at com.osl.automation.testcase.osl.CopyOfEmailTracker3.getEmail(CopyOfEmailTracker3.java:79)
	at com.osl.automation.testcase.osl.CopyOfEmailTracker3.getEmail(CopyOfEmailTracker3.java:79)
	at com.osl.automation.testcase.osl.CopyOfEmailTracker3.getEmail(CopyOfEmailTracker3.java:79)
	at com.osl.automation.testcase.osl.CopyOfEmailTracker3.getEmail(CopyOfEmailTracker3.java:79)
	at com.osl.automation.testcase.osl.CopyOfEmailTracker3.getEmail(CopyOfEmailTracker3.java:79)
	at com.osl.automation.testcase.osl.CopyOfEmailTracker3.getEmail(CopyOfEmailTracker3.java:79)
	at com.osl.automation.testcase.osl.CopyOfEmailTracker3.getEmail(CopyOfEmailTracker3.java:79)
	at com.osl.automation.testcase.osl.CopyOfEmailTracker3.getEmail(CopyOfEmailTracker3.java:79)
	at com.osl.automation.testcase.osl.CopyOfEmailTracker3.getEmail(CopyOfEmailTracker3.java:79)
	at com.osl.automation.testcase.osl.CopyOfEmailTracker3.getEmail(CopyOfEmailTracker3.java:79)
	at com.osl.automation.testcase.osl.CopyOfEmailTracker3.getEmail(CopyOfEmailTracker3.java:79)
	at com.osl.automation.testcase.osl.CopyOfEmailTracker3.getEmail(CopyOfEmailTracker3.java:79)
	at com.osl.automation.testcase.osl.CopyOfEmailTracker3.getEmail(CopyOfEmailTracker3.java:79)
	at com.osl.automation.testcase.osl.CopyOfEmailTracker3.getEmail(CopyOfEmailTracker3.java:79)
	at com.osl.automation.testcase.osl.CopyOfEmailTracker3.getEmail(CopyOfEmailTracker3.java:79)
	at com.osl.automation.testcase.osl.CopyOfEmailTracker3.getEmail(CopyOfEmailTracker3.java:79)
	at com.osl.automation.testcase.osl.CopyOfEmailTracker3.getEmail(CopyOfEmailTracker3.java:79)
	at com.osl.automation.testcase.osl.CopyOfEmailTracker3.getEmail(CopyOfEmailTracker3.java:79)
	at com.osl.automation.testcase.osl.CopyOfEmailTracker3.getEmail(CopyOfEmailTracker3.java:79)
	at com.osl.automation.testcase.osl.CopyOfEmailTracker3.getEmail(CopyOfEmailTracker3.java:79)
	at com.osl.automation.testcase.osl.CopyOfEmailTracker3.getEmail(CopyOfEmailTracker3.java:79)
	at com.osl.automation.testcase.osl.CopyOfEmailTracker3.getEmail(CopyOfEmailTracker3.java:79)
	at com.osl.automation.testcase.osl.CopyOfEmailTracker3.getEmail(CopyOfEmailTracker3.java:79)
	at com.osl.automation.testcase.osl.CopyOfEmailTracker3.getEmail(CopyOfEmailTracker3.java:79)
	at com.osl.automation.testcase.osl.CopyOfEmailTracker3.getEmail(CopyOfEmailTracker3.java:79)
	at com.osl.automation.testcase.osl.CopyOfEmailTracker3.getEmail(CopyOfEmailTracker3.java:79)
	at com.osl.automation.testcase.osl.CopyOfEmailTracker3.getEmail(CopyOfEmailTracker3.java:79)
	at com.osl.automation.testcase.osl.CopyOfEmailTracker3.getEmail(CopyOfEmailTracker3.java:79)
	at com.osl.automation.testcase.osl.CopyOfEmailTracker3.getEmail(CopyOfEmailTracker3.java:79)
	at com.osl.automation.testcase.osl.CopyOfEmailTracker3.getEmail(CopyOfEmailTracker3.java:79)
	at com.osl.automation.testcase.osl.CopyOfEmailTracker3.getEmail(CopyOfEmailTracker3.java:79)
	at com.osl.automation.testcase.osl.CopyOfEmailTracker3.getEmail(CopyOfEmailTracker3.java:79)
	at com.osl.automation.testcase.osl.CopyOfEmailTracker3.getEmail(CopyOfEmailTracker3.java:79)
	at com.osl.automation.testcase.osl.CopyOfEmailTracker3.getEmail(CopyOfEmailTracker3.java:79)
	at com.osl.automation.testcase.osl.CopyOfEmailTracker3.getEmail(CopyOfEmailTracker3.java:79)
	at com.osl.automation.testcase.osl.CopyOfEmailTracker3.getEmail(CopyOfEmailTracker3.java:79)
	at com.osl.automation.testcase.osl.CopyOfEmailTracker3.getEmail(CopyOfEmailTracker3.java:79)
	at com.osl.automation.testcase.osl.CopyOfEmailTracker3.getEmail(CopyOfEmailTracker3.java:79)
	at com.osl.automation.testcase.osl.CopyOfEmailTracker3.getEmail(CopyOfEmailTracker3.java:79)
	at com.osl.automation.testcase.osl.CopyOfEmailTracker3.getEmail(CopyOfEmailTracker3.java:79)
	at com.osl.automation.testcase.osl.CopyOfEmailTracker3.getEmail(CopyOfEmailTracker3.java:79)
	at com.osl.automation.testcase.osl.CopyOfEmailTracker3.getEmail(CopyOfEmailTracker3.java:79)
	at com.osl.automation.testcase.osl.CopyOfEmailTracker3.getEmail(CopyOfEmailTracker3.java:79)
	at com.osl.automation.testcase.osl.CopyOfEmailTracker3.getEmail(CopyOfEmailTracker3.java:79)
	at com.osl.automation.testcase.osl.CopyOfEmailTracker3.getEmail(CopyOfEmailTracker3.java:79)
	at com.osl.automation.testcase.osl.CopyOfEmailTracker3.getEmail(CopyOfEmailTracker3.java:79)
	at com.osl.automation.testcase.osl.CopyOfEmailTracker3.getEmail(CopyOfEmailTracker3.java:79)
	at com.osl.automation.testcase.osl.CopyOfEmailTracker3.getEmail(CopyOfEmailTracker3.java:79)
	at com.osl.automation.testcase.osl.CopyOfEmailTracker3.getEmail(CopyOfEmailTracker3.java:79)
	at com.osl.automation.testcase.osl.CopyOfEmailTracker3.getEmail(CopyOfEmailTracker3.java:79)
	at com.osl.automation.testcase.osl.CopyOfEmailTracker3.getEmail(CopyOfEmailTracker3.java:79)
	at com.osl.automation.testcase.osl.CopyOfEmailTracker3.getEmail(CopyOfEmailTracker3.java:79)
	at com.osl.automation.testcase.osl.CopyOfEmailTracker3.getEmail(CopyOfEmailTracker3.java:79)
	at com.osl.automation.testcase.osl.CopyOfEmailTracker3.getEmail(CopyOfEmailTracker3.java:79)
	at com.osl.automation.testcase.osl.CopyOfEmailTracker3.getEmail(CopyOfEmailTracker3.java:79)
	at com.osl.automation.testcase.osl.CopyOfEmailTracker3.getEmail(CopyOfEmailTracker3.java:79)
	at com.osl.automation.testcase.osl.CopyOfEmailTracker3.getEmail(CopyOfEmailTracker3.java:79)
	at com.osl.automation.testcase.osl.CopyOfEmailTracker3.getEmail(CopyOfEmailTracker3.java:79)
	at com.osl.automation.testcase.osl.CopyOfEmailTracker3.getEmail(CopyOfEmailTracker3.java:79)
	at com.osl.automation.testcase.osl.CopyOfEmailTracker3.getEmail(CopyOfEmailTracker3.java:79)
	at com.osl.automation.testcase.osl.CopyOfEmailTracker3.getEmail(CopyOfEmailTracker3.java:79)
	at com.osl.automation.testcase.osl.CopyOfEmailTracker3.getEmail(CopyOfEmailTracker3.java:79)
	at com.osl.automation.testcase.osl.CopyOfEmailTracker3.getEmail(CopyOfEmailTracker3.java:79)
	at com.osl.automation.testcase.osl.CopyOfEmailTracker3.getEmail(CopyOfEmailTracker3.java:79)
	at com.osl.automation.testcase.osl.CopyOfEmailTracker3.getEmail(CopyOfEmailTracker3.java:79)
	at com.osl.automation.testcase.osl.CopyOfEmailTracker3.getEmail(CopyOfEmailTracker3.java:79)
	at com.osl.automation.testcase.osl.CopyOfEmailTracker3.getEmail(CopyOfEmailTracker3.java:79)
	at com.osl.automation.testcase.osl.CopyOfEmailTracker3.getEmail(CopyOfEmailTracker3.java:79)
	at com.osl.automation.testcase.osl.CopyOfEmailTracker3.getEmail(CopyOfEmailTracker3.java:79)
	at com.osl.automation.testcase.osl.CopyOfEmailTracker3.getEmail(CopyOfEmailTracker3.java:79)
	at com.osl.automation.testcase.osl.CopyOfEmailTracker3.getEmail(CopyOfEmailTracker3.java:79)
	at com.osl.automation.testcase.osl.CopyOfEmailTracker3.getEmail(CopyOfEmailTracker3.java:79)
	at com.osl.automation.testcase.osl.CopyOfEmailTracker3.getEmail(CopyOfEmailTracker3.java:79)
	at com.osl.automation.testcase.osl.CopyOfEmailTracker3.getEmail(CopyOfEmailTracker3.java:79)
	at com.osl.automation.testcase.osl.CopyOfEmailTracker3.getEmail(CopyOfEmailTracker3.java:79)
	at com.osl.automation.testcase.osl.CopyOfEmailTracker3.getEmail(CopyOfEmailTracker3.java:79)
	at com.osl.automation.testcase.osl.CopyOfEmailTracker3.getEmail(CopyOfEmailTracker3.java:79)
	at com.osl.automation.testcase.osl.CopyOfEmailTracker3.getEmail(CopyOfEmailTracker3.java:79)
	at com.osl.automation.testcase.osl.CopyOfEmailTracker3.getEmail(CopyOfEmailTracker3.java:79)
	at com.osl.automation.testcase.osl.CopyOfEmailTracker3.getEmail(CopyOfEmailTracker3.java:79)
	at com.osl.automation.testcase.osl.CopyOfEmailTracker3.getEmail(CopyOfEmailTracker3.java:79)
	at com.osl.automation.testcase.osl.CopyOfEmailTracker3.getEmail(CopyOfEmailTracker3.java:79)
	at com.osl.automation.testcase.osl.CopyOfEmailTracker3.getEmail(CopyOfEmailTracker3.java:79)
	at com.osl.automation.testcase.osl.CopyOfEmailTracker3.getEmail(CopyOfEmailTracker3.java:79)
	at com.osl.automation.testcase.osl.CopyOfEmailTracker3.getEmail(CopyOfEmailTracker3.java:79)
	at com.osl.automation.testcase.osl.CopyOfEmailTracker3.getEmail(CopyOfEmailTracker3.java:79)
	at com.osl.automation.testcase.osl.CopyOfEmailTracker3.getEmail(CopyOfEmailTracker3.java:79)
	at com.osl.automation.testcase.osl.CopyOfEmailTracker3.getEmail(CopyOfEmailTracker3.java:79)
	at com.osl.automation.testcase.osl.CopyOfEmailTracker3.getEmail(CopyOfEmailTracker3.java:79)
	at com.osl.automation.testcase.osl.CopyOfEmailTracker3.getEmail(CopyOfEmailTracker3.java:79)
	at com.osl.automation.testcase.osl.CopyOfEmailTracker3.getEmail(CopyOfEmailTracker3.java:79)
	at com.osl.automation.testcase.osl.CopyOfEmailTracker3.getEmail(CopyOfEmailTracker3.java:79)
	at com.osl.automation.testcase.osl.CopyOfEmailTracker3.getEmail(CopyOfEmailTracker3.java:79)
	at com.osl.automation.testcase.osl.CopyOfEmailTracker3.getEmail(CopyOfEmailTracker3.java:79)
	at com.osl.automation.testcase.osl.CopyOfEmailTracker3.getEmail(CopyOfEmailTracker3.java:79)
	at com.osl.automation.testcase.osl.CopyOfEmailTracker3.getEmail(CopyOfEmailTracker3.java:79)
	at com.osl.automation.testcase.osl.CopyOfEmailTracker3.getEmail(CopyOfEmailTracker3.java:79)
	at com.osl.automation.testcase.osl.CopyOfEmailTracker3.getEmail(CopyOfEmailTracker3.java:79)
	at com.osl.automation.testcase.osl.CopyOfEmailTracker3.getEmail(CopyOfEmailTracker3.java:79)
	at com.osl.automation.testcase.osl.CopyOfEmailTracker3.getEmail(CopyOfEmailTracker3.java:79)
	at com.osl.automation.testcase.osl.CopyOfEmailTracker3.getEmail(CopyOfEmailTracker3.java:79)
	at com.osl.automation.testcase.osl.CopyOfEmailTracker3.getEmail(CopyOfEmailTracker3.java:79)
	at com.osl.automation.testcase.osl.CopyOfEmailTracker3.getEmail(CopyOfEmailTracker3.java:79)
	at com.osl.automation.testcase.osl.CopyOfEmailTracker3.getEmail(CopyOfEmailTracker3.java:79)
	at com.osl.automation.testcase.osl.CopyOfEmailTracker3.getEmail(CopyOfEmailTracker3.java:79)
	at com.osl.automation.testcase.osl.CopyOfEmailTracker3.getEmail(CopyOfEmailTracker3.java:79)
	at com.osl.automation.testcase.osl.CopyOfEmailTracker3.getEmail(CopyOfEmailTracker3.java:79)
	at com.osl.automation.testcase.osl.CopyOfEmailTracker3.getEmail(CopyOfEmailTracker3.java:79)
	at com.osl.automation.testcase.osl.CopyOfEmailTracker3.getEmail(CopyOfEmailTracker3.java:79)
	at com.osl.automation.testcase.osl.CopyOfEmailTracker3.getEmail(CopyOfEmailTracker3.java:79)
	at com.osl.automation.testcase.osl.CopyOfEmailTracker3.getEmail(CopyOfEmailTracker3.java:79)
	at com.osl.automation.testcase.osl.CopyOfEmailTracker3.getEmail(CopyOfEmailTracker3.java:79)
	at com.osl.automation.testcase.osl.CopyOfEmailTracker3.getEmail(CopyOfEmailTracker3.java:79)
	at com.osl.automation.testcase.osl.CopyOfEmailTracker3.getEmail(CopyOfEmailTracker3.java:79)
	at com.osl.automation.testcase.osl.CopyOfEmailTracker3.getEmail(CopyOfEmailTracker3.java:79)
	at com.osl.automation.testcase.osl.CopyOfEmailTracker3.getEmail(CopyOfEmailTracker3.java:79)
	at com.osl.automation.testcase.osl.CopyOfEmailTracker3.getEmail(CopyOfEmailTracker3.java:79)
	at com.osl.automation.testcase.osl.CopyOfEmailTracker3.getEmail(CopyOfEmailTracker3.java:79)
	at com.osl.automation.testcase.osl.CopyOfEmailTracker3.getEmail(CopyOfEmailTracker3.java:79)
	at com.osl.automation.testcase.osl.CopyOfEmailTracker3.getEmail(CopyOfEmailTracker3.java:79)
	at com.osl.automation.testcase.osl.CopyOfEmailTracker3.getEmail(CopyOfEmailTracker3.java:79)
	at com.osl.automation.testcase.osl.CopyOfEmailTracker3.getEmail(CopyOfEmailTracker3.java:79)
	at com.osl.automation.testcase.osl.CopyOfEmailTracker3.getEmail(CopyOfEmailTracker3.java:79)
	at com.osl.automation.testcase.osl.CopyOfEmailTracker3.getEmail(CopyOfEmailTracker3.java:79)
	at com.osl.automation.testcase.osl.CopyOfEmailTracker3.getEmail(CopyOfEmailTracker3.java:79)
	at com.osl.automation.testcase.osl.CopyOfEmailTracker3.getEmail(CopyOfEmailTracker3.java:79)
	at com.osl.automation.testcase.osl.CopyOfEmailTracker3.getEmail(CopyOfEmailTracker3.java:79)
	at com.osl.automation.testcase.osl.CopyOfEmailTracker3.getEmail(CopyOfEmailTracker3.java:79)
	at com.osl.automation.testcase.osl.CopyOfEmailTracker3.getEmail(CopyOfEmailTracker3.java:79)
	at com.osl.automation.testcase.osl.CopyOfEmailTracker3.getEmail(CopyOfEmailTracker3.java:79)
	at com.osl.automation.testcase.osl.CopyOfEmailTracker3.getEmail(CopyOfEmailTracker3.java:79)
	at com.osl.automation.testcase.osl.CopyOfEmailTracker3.getEmail(CopyOfEmailTracker3.java:79)
	at com.osl.automation.testcase.osl.CopyOfEmailTracker3.getEmail(CopyOfEmailTracker3.java:79)
	at com.osl.automation.testcase.osl.CopyOfEmailTracker3.getEmail(CopyOfEmailTracker3.java:79)
	at com.osl.automation.testcase.osl.CopyOfEmailTracker3.getEmail(CopyOfEmailTracker3.java:79)
	at com.osl.automation.testcase.osl.CopyOfEmailTracker3.getEmail(CopyOfEmailTracker3.java:79)
	at com.osl.automation.testcase.osl.CopyOfEmailTracker3.getEmail(CopyOfEmailTracker3.java:79)
	at com.osl.automation.testcase.osl.CopyOfEmailTracker3.getEmail(CopyOfEmailTracker3.java:79)
	at com.osl.automation.testcase.osl.CopyOfEmailTracker3.getEmail(CopyOfEmailTracker3.java:79)
	at com.osl.automation.testcase.osl.CopyOfEmailTracker3.getEmail(CopyOfEmailTracker3.java:79)
	at com.osl.automation.testcase.osl.CopyOfEmailTracker3.getEmail(CopyOfEmailTracker3.java:79)
	at com.osl.automation.testcase.osl.CopyOfEmailTracker3.getEmail(CopyOfEmailTracker3.java:79)
	at com.osl.automation.testcase.osl.CopyOfEmailTracker3.getEmail(CopyOfEmailTracker3.java:79)
	at com.osl.automation.testcase.osl.CopyOfEmailTracker3.getEmail(CopyOfEmailTracker3.java:79)
	at com.osl.automation.testcase.osl.CopyOfEmailTracker3.getEmail(CopyOfEmailTracker3.java:79)
	at com.osl.automation.testcase.osl.CopyOfEmailTracker3.getEmail(CopyOfEmailTracker3.java:79)
	at com.osl.automation.testcase.osl.CopyOfEmailTracker3.getEmail(CopyOfEmailTracker3.java:79)
	at com.osl.automation.testcase.osl.CopyOfEmailTracker3.getEmail(CopyOfEmailTracker3.java:79)
	at com.osl.automation.testcase.osl.CopyOfEmailTracker3.getEmail(CopyOfEmailTracker3.java:79)
	at com.osl.automation.testcase.osl.CopyOfEmailTracker3.getEmail(CopyOfEmailTracker3.java:79)
	at com.osl.automation.testcase.osl.CopyOfEmailTracker3.getEmail(CopyOfEmailTracker3.java:79)
	at com.osl.automation.testcase.osl.CopyOfEmailTracker3.getEmail(CopyOfEmailTracker3.java:79)
	at com.osl.automation.testcase.osl.CopyOfEmailTracker3.getEmail(CopyOfEmailTracker3.java:79)
	at com.osl.automation.testcase.osl.CopyOfEmailTracker3.getEmail(CopyOfEmailTracker3.java:79)
	at com.osl.automation.testcase.osl.CopyOfEmailTracker3.getEmail(CopyOfEmailTracker3.java:79)
	at com.osl.automation.testcase.osl.CopyOfEmailTracker3.getEmail(CopyOfEmailTracker3.java:79)
	at com.osl.automation.testcase.osl.CopyOfEmailTracker3.getEmail(CopyOfEmailTracker3.java:79)
	at com.osl.automation.testcase.osl.CopyOfEmailTracker3.getEmail(CopyOfEmailTracker3.java:79)
	at com.osl.automation.testcase.osl.CopyOfEmailTracker3.getEmail(CopyOfEmailTracker3.java:79)
	at com.osl.automation.testcase.osl.CopyOfEmailTracker3.getEmail(CopyOfEmailTracker3.java:79)
	at com.osl.automation.testcase.osl.CopyOfEmailTracker3.getEmail(CopyOfEmailTracker3.java:79)
	at com.osl.automation.testcase.osl.CopyOfEmailTracker3.getEmail(CopyOfEmailTracker3.java:79)
	at com.osl.automation.testcase.osl.CopyOfEmailTracker3.getEmail(CopyOfEmailTracker3.java:79)
	at com.osl.automation.testcase.osl.CopyOfEmailTracker3.getEmail(CopyOfEmailTracker3.java:79)
	at com.osl.automation.testcase.osl.CopyOfEmailTracker3.getEmail(CopyOfEmailTracker3.java:79)
	at com.osl.automation.testcase.osl.CopyOfEmailTracker3.getEmail(CopyOfEmailTracker3.java:79)
	at com.osl.automation.testcase.osl.CopyOfEmailTracker3.getEmail(CopyOfEmailTracker3.java:79)
	at com.osl.automation.testcase.osl.CopyOfEmailTracker3.getEmail(CopyOfEmailTracker3.java:79)
	at com.osl.automation.testcase.osl.CopyOfEmailTracker3.getEmail(CopyOfEmailTracker3.java:79)
	at com.osl.automation.testcase.osl.CopyOfEmailTracker3.getEmail(CopyOfEmailTracker3.java:79)
	at com.osl.automation.testcase.osl.CopyOfEmailTracker3.getEmail(CopyOfEmailTracker3.java:79)
	at com.osl.automation.testcase.osl.CopyOfEmailTracker3.getEmail(CopyOfEmailTracker3.java:79)
	at com.osl.automation.testcase.osl.CopyOfEmailTracker3.getEmail(CopyOfEmailTracker3.java:79)
	at com.osl.automation.testcase.osl.CopyOfEmailTracker3.getEmail(CopyOfEmailTracker3.java:79)
	at com.osl.automation.testcase.osl.CopyOfEmailTracker3.getEmail(CopyOfEmailTracker3.java:79)
	at com.osl.automation.testcase.osl.CopyOfEmailTracker3.getEmail(CopyOfEmailTracker3.java:79)
	at com.osl.automation.testcase.osl.CopyOfEmailTracker3.getEmail(CopyOfEmailTracker3.java:79)
	at com.osl.automation.testcase.osl.CopyOfEmailTracker3.getEmail(CopyOfEmailTracker3.java:79)
	at com.osl.automation.testcase.osl.CopyOfEmailTracker3.getEmail(CopyOfEmailTracker3.java:79)
	at com.osl.automation.testcase.osl.CopyOfEmailTracker3.getEmail(CopyOfEmailTracker3.java:79)
	at com.osl.automation.testcase.osl.CopyOfEmailTracker3.getEmail(CopyOfEmailTracker3.java:79)
	at com.osl.automation.testcase.osl.CopyOfEmailTracker3.getEmail(CopyOfEmailTracker3.java:79)
	at com.osl.automation.testcase.osl.CopyOfEmailTracker3.getEmail(CopyOfEmailTracker3.java:79)
	at com.osl.automation.testcase.osl.CopyOfEmailTracker3.getEmail(CopyOfEmailTracker3.java:79)
	at com.osl.automation.testcase.osl.CopyOfEmailTracker3.getEmail(CopyOfEmailTracker3.java:79)
	at com.osl.automation.testcase.osl.CopyOfEmailTracker3.getEmail(CopyOfEmailTracker3.java:79)
	at com.osl.automation.testcase.osl.CopyOfEmailTracker3.getEmail(CopyOfEmailTracker3.java:79)
	at com.osl.automation.testcase.osl.CopyOfEmailTracker3.getEmail(CopyOfEmailTracker3.java:79)
	at com.osl.automation.testcase.osl.CopyOfEmailTracker3.getEmail(CopyOfEmailTracker3.java:79)
	at com.osl.automation.testcase.osl.CopyOfEmailTracker3.getEmail(CopyOfEmailTracker3.java:79)
	at com.osl.automation.testcase.osl.CopyOfEmailTracker3.getEmail(CopyOfEmailTracker3.java:79)
	at com.osl.automation.testcase.osl.CopyOfEmailTracker3.getEmail(CopyOfEmailTracker3.java:79)
	at com.osl.automation.testcase.osl.CopyOfEmailTracker3.getEmail(CopyOfEmailTracker3.java:79)
	at com.osl.automation.testcase.osl.CopyOfEmailTracker3.getEmail(CopyOfEmailTracker3.java:79)
	at com.osl.automation.testcase.osl.CopyOfEmailTracker3.getEmail(CopyOfEmailTracker3.java:79)
	at com.osl.automation.testcase.osl.CopyOfEmailTracker3.getEmail(CopyOfEmailTracker3.java:79)
	at com.osl.automation.testcase.osl.CopyOfEmailTracker3.getEmail(CopyOfEmailTracker3.java:79)
	at com.osl.automation.testcase.osl.CopyOfEmailTracker3.getEmail(CopyOfEmailTracker3.java:79)
	at com.osl.automation.testcase.osl.CopyOfEmailTracker3.getEmail(CopyOfEmailTracker3.java:79)
	at com.osl.automation.testcase.osl.CopyOfEmailTracker3.getEmail(CopyOfEmailTracker3.java:79)
	at com.osl.automation.testcase.osl.CopyOfEmailTracker3.getEmail(CopyOfEmailTracker3.java:79)
	at com.osl.automation.testcase.osl.CopyOfEmailTracker3.getEmail(CopyOfEmailTracker3.java:79)
	at com.osl.automation.testcase.osl.CopyOfEmailTracker3.getEmail(CopyOfEmailTracker3.java:79)
	at com.osl.automation.testcase.osl.CopyOfEmailTracker3.getEmail(CopyOfEmailTracker3.java:79)
	at com.osl.automation.testcase.osl.CopyOfEmailTracker3.getEmail(CopyOfEmailTracker3.java:79)
	at com.osl.automation.testcase.osl.CopyOfEmailTracker3.getEmail(CopyOfEmailTracker3.java:79)
	at com.osl.automation.testcase.osl.CopyOfEmailTracker3.getEmail(CopyOfEmailTracker3.java:79)
	at com.osl.automation.testcase.osl.CopyOfEmailTracker3.getEmail(CopyOfEmailTracker3.java:79)
	at com.osl.automation.testcase.osl.CopyOfEmailTracker3.getEmail(CopyOfEmailTracker3.java:79)
	at com.osl.automation.testcase.osl.CopyOfEmailTracker3.getEmail(CopyOfEmailTracker3.java:79)
	at com.osl.automation.testcase.osl.CopyOfEmailTracker3.getEmail(CopyOfEmailTracker3.java:79)
	at com.osl.automation.testcase.osl.CopyOfEmailTracker3.getEmail(CopyOfEmailTracker3.java:79)
	at com.osl.automation.testcase.osl.CopyOfEmailTracker3.getEmail(CopyOfEmailTracker3.java:79)
	at com.osl.automation.testcase.osl.CopyOfEmailTracker3.getEmail(CopyOfEmailTracker3.java:79)
	at com.osl.automation.testcase.osl.CopyOfEmailTracker3.getEmail(CopyOfEmailTracker3.java:79)
	at com.osl.automation.testcase.osl.CopyOfEmailTracker3.getEmail(CopyOfEmailTracker3.java:79)
	at com.osl.automation.testcase.osl.CopyOfEmailTracker3.getEmail(CopyOfEmailTracker3.java:79)
	at com.osl.automation.testcase.osl.CopyOfEmailTracker3.getEmail(CopyOfEmailTracker3.java:79)
	at com.osl.automation.testcase.osl.CopyOfEmailTracker3.getEmail(CopyOfEmailTracker3.java:79)
	at com.osl.automation.testcase.osl.CopyOfEmailTracker3.getEmail(CopyOfEmailTracker3.java:79)
	at com.osl.automation.testcase.osl.CopyOfEmailTracker3.getEmail(CopyOfEmailTracker3.java:79)
	at com.osl.automation.testcase.osl.CopyOfEmailTracker3.getEmail(CopyOfEmailTracker3.java:79)
	at com.osl.automation.testcase.osl.CopyOfEmailTracker3.getEmail(CopyOfEmailTracker3.java:79)
	at com.osl.automation.testcase.osl.CopyOfEmailTracker3.getEmail(CopyOfEmailTracker3.java:79)
	at com.osl.automation.testcase.osl.CopyOfEmailTracker3.getEmail(CopyOfEmailTracker3.java:79)
	at com.osl.automation.testcase.osl.CopyOfEmailTracker3.getEmail(CopyOfEmailTracker3.java:79)
	at com.osl.automation.testcase.osl.CopyOfEmailTracker3.getEmail(CopyOfEmailTracker3.java:79)
	at com.osl.automation.testcase.osl.CopyOfEmailTracker3.getEmail(CopyOfEmailTracker3.java:79)
	at com.osl.automation.testcase.osl.CopyOfEmailTracker3.getEmail(CopyOfEmailTracker3.java:79)
	at com.osl.automation.testcase.osl.CopyOfEmailTracker3.getEmail(CopyOfEmailTracker3.java:79)
	at com.osl.automation.testcase.osl.CopyOfEmailTracker3.getEmail(CopyOfEmailTracker3.java:79)
	at com.osl.automation.testcase.osl.CopyOfEmailTracker3.getEmail(CopyOfEmailTracker3.java:79)
	at com.osl.automation.testcase.osl.CopyOfEmailTracker3.getEmail(CopyOfEmailTracker3.java:79)
	at com.osl.automation.testcase.osl.CopyOfEmailTracker3.getEmail(CopyOfEmailTracker3.java:79)
	at com.osl.automation.testcase.osl.CopyOfEmailTracker3.getEmail(CopyOfEmailTracker3.java:79)
	at com.osl.automation.testcase.osl.CopyOfEmailTracker3.getEmail(CopyOfEmailTracker3.java:79)
	at com.osl.automation.testcase.osl.CopyOfEmailTracker3.getEmail(CopyOfEmailTracker3.java:79)
	at com.osl.automation.testcase.osl.CopyOfEmailTracker3.getEmail(CopyOfEmailTracker3.java:79)
	at com.osl.automation.testcase.osl.CopyOfEmailTracker3.getEmail(CopyOfEmailTracker3.java:79)
	at com.osl.automation.testcase.osl.CopyOfEmailTracker3.getEmail(CopyOfEmailTracker3.java:79)
	at com.osl.automation.testcase.osl.CopyOfEmailTracker3.getEmail(CopyOfEmailTracker3.java:79)
	at com.osl.automation.testcase.osl.CopyOfEmailTracker3.getEmail(CopyOfEmailTracker3.java:79)
	at com.osl.automation.testcase.osl.CopyOfEmailTracker3.getEmail(CopyOfEmailTracker3.java:79)
	at com.osl.automation.testcase.osl.CopyOfEmailTracker3.getEmail(CopyOfEmailTracker3.java:79)
	at com.osl.automation.testcase.osl.CopyOfEmailTracker3.getEmail(CopyOfEmailTracker3.java:79)
	at com.osl.automation.testcase.osl.CopyOfEmailTracker3.getEmail(CopyOfEmailTracker3.java:79)
	at com.osl.automation.testcase.osl.CopyOfEmailTracker3.getEmail(CopyOfEmailTracker3.java:79)
	at com.osl.automation.testcase.osl.CopyOfEmailTracker3.getEmail(CopyOfEmailTracker3.java:79)
	at com.osl.automation.testcase.osl.CopyOfEmailTracker3.getEmail(CopyOfEmailTracker3.java:79)
	at com.osl.automation.testcase.osl.CopyOfEmailTracker3.getEmail(CopyOfEmailTracker3.java:79)
	at com.osl.automation.testcase.osl.CopyOfEmailTracker3.getEmail(CopyOfEmailTracker3.java:79)
	at com.osl.automation.testcase.osl.CopyOfEmailTracker3.getEmail(CopyOfEmailTracker3.java:79)
	at com.osl.automation.testcase.osl.CopyOfEmailTracker3.getEmail(CopyOfEmailTracker3.java:79)
	at com.osl.automation.testcase.osl.CopyOfEmailTracker3.getEmail(CopyOfEmailTracker3.java:79)
	at com.osl.automation.testcase.osl.CopyOfEmailTracker3.getEmail(CopyOfEmailTracker3.java:79)
	at com.osl.automation.testcase.osl.CopyOfEmailTracker3.getEmail(CopyOfEmailTracker3.java:79)
	at com.osl.automation.testcase.osl.CopyOfEmailTracker3.getEmail(CopyOfEmailTracker3.java:79)
	at com.osl.automation.testcase.osl.CopyOfEmailTracker3.getEmail(CopyOfEmailTracker3.java:79)
	at com.osl.automation.testcase.osl.CopyOfEmailTracker3.getEmail(CopyOfEmailTracker3.java:79)
	at com.osl.automation.testcase.osl.CopyOfEmailTracker3.getEmail(CopyOfEmailTracker3.java:79)
	at com.osl.automation.testcase.osl.CopyOfEmailTracker3.getEmail(CopyOfEmailTracker3.java:79)
	at com.osl.automation.testcase.osl.CopyOfEmailTracker3.getEmail(CopyOfEmailTracker3.java:79)
	at com.osl.automation.testcase.osl.CopyOfEmailTracker3.getEmail(CopyOfEmailTracker3.java:79)
	at com.osl.automation.testcase.osl.CopyOfEmailTracker3.getEmail(CopyOfEmailTracker3.java:79)
	at com.osl.automation.testcase.osl.CopyOfEmailTracker3.getEmail(CopyOfEmailTracker3.java:79)
	at com.osl.automation.testcase.osl.CopyOfEmailTracker3.getEmail(CopyOfEmailTracker3.java:79)
	at com.osl.automation.testcase.osl.CopyOfEmailTracker3.getEmail(CopyOfEmailTracker3.java:79)
	at com.osl.automation.testcase.osl.CopyOfEmailTracker3.getEmail(CopyOfEmailTracker3.java:79)
	at com.osl.automation.testcase.osl.CopyOfEmailTracker3.getEmail(CopyOfEmailTracker3.java:79)
	at com.osl.automation.testcase.osl.CopyOfEmailTracker3.getEmail(CopyOfEmailTracker3.java:79)
	at com.osl.automation.testcase.osl.CopyOfEmailTracker3.getEmail(CopyOfEmailTracker3.java:79)
	at com.osl.automation.testcase.osl.CopyOfEmailTracker3.getEmail(CopyOfEmailTracker3.java:79)
	at com.osl.automation.testcase.osl.CopyOfEmailTracker3.getEmail(CopyOfEmailTracker3.java:79)
	at com.osl.automation.testcase.osl.CopyOfEmailTracker3.getEmail(CopyOfEmailTracker3.java:79)
	at com.osl.automation.testcase.osl.CopyOfEmailTracker3.getEmail(CopyOfEmailTracker3.java:79)
	at com.osl.automation.testcase.osl.CopyOfEmailTracker3.getEmail(CopyOfEmailTracker3.java:79)
	at com.osl.automation.testcase.osl.CopyOfEmailTracker3.getEmail(CopyOfEmailTracker3.java:79)
	at com.osl.automation.testcase.osl.CopyOfEmailTracker3.getEmail(CopyOfEmailTracker3.java:79)
	at com.osl.automation.testcase.osl.CopyOfEmailTracker3.getEmail(CopyOfEmailTracker3.java:79)
	at com.osl.automation.testcase.osl.CopyOfEmailTracker3.getEmail(CopyOfEmailTracker3.java:79)
	at com.osl.automation.testcase.osl.CopyOfEmailTracker3.getEmail(CopyOfEmailTracker3.java:79)
	at com.osl.automation.testcase.osl.CopyOfEmailTracker3.getEmail(CopyOfEmailTracker3.java:79)
	at com.osl.automation.testcase.osl.CopyOfEmailTracker3.getEmail(CopyOfEmailTracker3.java:79)
	at com.osl.automation.testcase.osl.CopyOfEmailTracker3.getEmail(CopyOfEmailTracker3.java:79)
	at com.osl.automation.testcase.osl.CopyOfEmailTracker3.getEmail(CopyOfEmailTracker3.java:79)
	at com.osl.automation.testcase.osl.CopyOfEmailTracker3.getEmail(CopyOfEmailTracker3.java:79)
	at com.osl.automation.testcase.osl.CopyOfEmailTracker3.getEmail(CopyOfEmailTracker3.java:79)
	at com.osl.automation.testcase.osl.CopyOfEmailTracker3.getEmail(CopyOfEmailTracker3.java:79)
	at com.osl.automation.testcase.osl.CopyOfEmailTracker3.getEmail(CopyOfEmailTracker3.java:79)
	at com.osl.automation.testcase.osl.CopyOfEmailTracker3.getEmail(CopyOfEmailTracker3.java:79)
	at com.osl.automation.testcase.osl.CopyOfEmailTracker3.getEmail(CopyOfEmailTracker3.java:79)
	at com.osl.automation.testcase.osl.CopyOfEmailTracker3.getEmail(CopyOfEmailTracker3.java:79)
	at com.osl.automation.testcase.osl.CopyOfEmailTracker3.getEmail(CopyOfEmailTracker3.java:79)
	at com.osl.automation.testcase.osl.CopyOfEmailTracker3.getEmail(CopyOfEmailTracker3.java:79)
	at com.osl.automation.testcase.osl.CopyOfEmailTracker3.getEmail(CopyOfEmailTracker3.java:79)
	at com.osl.automation.testcase.osl.CopyOfEmailTracker3.getEmail(CopyOfEmailTracker3.java:79)
	at com.osl.automation.testcase.osl.CopyOfEmailTracker3.getEmail(CopyOfEmailTracker3.java:79)
	at com.osl.automation.testcase.osl.CopyOfEmailTracker3.getEmail(CopyOfEmailTracker3.java:79)
	at com.osl.automation.testcase.osl.CopyOfEmailTracker3.getEmail(CopyOfEmailTracker3.java:79)
	at com.osl.automation.testcase.osl.CopyOfEmailTracker3.getEmail(CopyOfEmailTracker3.java:79)
	at com.osl.automation.testcase.osl.CopyOfEmailTracker3.getEmail(CopyOfEmailTracker3.java:79)
	at com.osl.automation.testcase.osl.CopyOfEmailTracker3.getEmail(CopyOfEmailTracker3.java:79)
	at com.osl.automation.testcase.osl.CopyOfEmailTracker3.getEmail(CopyOfEmailTracker3.java:79)
	at com.osl.automation.testcase.osl.CopyOfEmailTracker3.getEmail(CopyOfEmailTracker3.java:79)
	at com.osl.automation.testcase.osl.CopyOfEmailTracker3.getEmail(CopyOfEmailTracker3.java:79)
	at com.osl.automation.testcase.osl.CopyOfEmailTracker3.getEmail(CopyOfEmailTracker3.java:79)
	at com.osl.automation.testcase.osl.CopyOfEmailTracker3.getEmail(CopyOfEmailTracker3.java:79)
	at com.osl.automation.testcase.osl.CopyOfEmailTracker3.getEmail(CopyOfEmailTracker3.java:79)
	at com.osl.automation.testcase.osl.CopyOfEmailTracker3.getEmail(CopyOfEmailTracker3.java:79)
	at com.osl.automation.testcase.osl.CopyOfEmailTracker3.getEmail(CopyOfEmailTracker3.java:79)
	at com.osl.automation.testcase.osl.CopyOfEmailTracker3.getEmail(CopyOfEmailTracker3.java:79)
	at com.osl.automation.testcase.osl.CopyOfEmailTracker3.getEmail(CopyOfEmailTracker3.java:79)
	at com.osl.automation.testcase.osl.CopyOfEmailTracker3.getEmail(CopyOfEmailTracker3.java:79)
	at com.osl.automation.testcase.osl.CopyOfEmailTracker3.getEmail(CopyOfEmailTracker3.java:79)
	at com.osl.automation.testcase.osl.CopyOfEmailTracker3.getEmail(CopyOfEmailTracker3.java:79)
	at com.osl.automation.testcase.osl.CopyOfEmailTracker3.getEmail(CopyOfEmailTracker3.java:79)
	at com.osl.automation.testcase.osl.CopyOfEmailTracker3.getEmail(CopyOfEmailTracker3.java:79)
	at com.osl.automation.testcase.osl.CopyOfEmailTracker3.getEmail(CopyOfEmailTracker3.java:79)
	at com.osl.automation.testcase.osl.CopyOfEmailTracker3.getEmail(CopyOfEmailTracker3.java:79)
	at com.osl.automation.testcase.osl.CopyOfEmailTracker3.getEmail(CopyOfEmailTracker3.java:79)
	at com.osl.automation.testcase.osl.CopyOfEmailTracker3.getEmail(CopyOfEmailTracker3.java:79)
	at com.osl.automation.testcase.osl.CopyOfEmailTracker3.getEmail(CopyOfEmailTracker3.java:79)
	at com.osl.automation.testcase.osl.CopyOfEmailTracker3.getEmail(CopyOfEmailTracker3.java:79)
	at com.osl.automation.testcase.osl.CopyOfEmailTracker3.getEmail(CopyOfEmailTracker3.java:79)
	at com.osl.automation.testcase.osl.CopyOfEmailTracker3.getEmail(CopyOfEmailTracker3.java:79)
	at com.osl.automation.testcase.osl.CopyOfEmailTracker3.getEmail(CopyOfEmailTracker3.java:79)
	at com.osl.automation.testcase.osl.CopyOfEmailTracker3.getEmail(CopyOfEmailTracker3.java:79)
	at com.osl.automation.testcase.osl.CopyOfEmailTracker3.getEmail(CopyOfEmailTracker3.java:79)
	at com.osl.automation.testcase.osl.CopyOfEmailTracker3.getEmail(CopyOfEmailTracker3.java:79)
	at com.osl.automation.testcase.osl.CopyOfEmailTracker3.getEmail(CopyOfEmailTracker3.java:79)
	at com.osl.automation.testcase.osl.CopyOfEmailTracker3.getEmail(CopyOfEmailTracker3.java:79)
	at com.osl.automation.testcase.osl.CopyOfEmailTracker3.getEmail(CopyOfEmailTracker3.java:79)
	at com.osl.automation.testcase.osl.CopyOfEmailTracker3.getEmail(CopyOfEmailTracker3.java:79)
	at com.osl.automation.testcase.osl.CopyOfEmailTracker3.getEmail(CopyOfEmailTracker3.java:79)
	at com.osl.automation.testcase.osl.CopyOfEmailTracker3.getEmail(CopyOfEmailTracker3.java:79)
	at com.osl.automation.testcase.osl.CopyOfEmailTracker3.getEmail(CopyOfEmailTracker3.java:79)
	at com.osl.automation.testcase.osl.CopyOfEmailTracker3.getEmail(CopyOfEmailTracker3.java:79)
	at com.osl.automation.testcase.osl.CopyOfEmailTracker3.getEmail(CopyOfEmailTracker3.java:79)
	at com.osl.automation.testcase.osl.CopyOfEmailTracker3.getEmail(CopyOfEmailTracker3.java:79)
	at com.osl.automation.testcase.osl.CopyOfEmailTracker3.getEmail(CopyOfEmailTracker3.java:79)
	at com.osl.automation.testcase.osl.CopyOfEmailTracker3.getEmail(CopyOfEmailTracker3.java:79)
	at com.osl.automation.testcase.osl.CopyOfEmailTracker3.getEmail(CopyOfEmailTracker3.java:79)
	at com.osl.automation.testcase.osl.CopyOfEmailTracker3.getEmail(CopyOfEmailTracker3.java:79)
	at com.osl.automation.testcase.osl.CopyOfEmailTracker3.getEmail(CopyOfEmailTracker3.java:79)
	at com.osl.automation.testcase.osl.CopyOfEmailTracker3.getEmail(CopyOfEmailTracker3.java:79)
	at com.osl.automation.testcase.osl.CopyOfEmailTracker3.getEmail(CopyOfEmailTracker3.java:79)
	at com.osl.automation.testcase.osl.CopyOfEmailTracker3.getEmail(CopyOfEmailTracker3.java:79)
	at com.osl.automation.testcase.osl.CopyOfEmailTracker3.getEmail(CopyOfEmailTracker3.java:79)
	at com.osl.automation.testcase.osl.CopyOfEmailTracker3.getEmail(CopyOfEmailTracker3.java:79)
	at com.osl.automation.testcase.osl.CopyOfEmailTracker3.getEmail(CopyOfEmailTracker3.java:79)
	at com.osl.automation.testcase.osl.CopyOfEmailTracker3.getEmail(CopyOfEmailTracker3.java:79)
	at com.osl.automation.testcase.osl.CopyOfEmailTracker3.getEmail(CopyOfEmailTracker3.java:79)
	at com.osl.automation.testcase.osl.CopyOfEmailTracker3.getEmail(CopyOfEmailTracker3.java:79)
	at com.osl.automation.testcase.osl.CopyOfEmailTracker3.getEmail(CopyOfEmailTracker3.java:79)
	at com.osl.automation.testcase.osl.CopyOfEmailTracker3.getEmail(CopyOfEmailTracker3.java:79)
	at com.osl.automation.testcase.osl.CopyOfEmailTracker3.getEmail(CopyOfEmailTracker3.java:79)
	at com.osl.automation.testcase.osl.CopyOfEmailTracker3.getEmail(CopyOfEmailTracker3.java:79)
	at com.osl.automation.testcase.osl.CopyOfEmailTracker3.getEmail(CopyOfEmailTracker3.java:79)
	at com.osl.automation.testcase.osl.CopyOfEmailTracker3.getEmail(CopyOfEmailTracker3.java:79)
	at com.osl.automation.testcase.osl.CopyOfEmailTracker3.getEmail(CopyOfEmailTracker3.java:79)
	at com.osl.automation.testcase.osl.CopyOfEmailTracker3.getEmail(CopyOfEmailTracker3.java:79)
	at com.osl.automation.testcase.osl.CopyOfEmailTracker3.getEmail(CopyOfEmailTracker3.java:79)
	at com.osl.automation.testcase.osl.CopyOfEmailTracker3.getEmail(CopyOfEmailTracker3.java:79)
	at com.osl.automation.testcase.osl.CopyOfEmailTracker3.getEmail(CopyOfEmailTracker3.java:79)
	at com.osl.automation.testcase.osl.CopyOfEmailTracker3.getEmail(CopyOfEmailTracker3.java:79)
	at com.osl.automation.testcase.osl.CopyOfEmailTracker3.getEmail(CopyOfEmailTracker3.java:79)
	at com.osl.automation.testcase.osl.CopyOfEmailTracker3.getEmail(CopyOfEmailTracker3.java:79)
	at com.osl.automation.testcase.osl.CopyOfEmailTracker3.getEmail(CopyOfEmailTracker3.java:79)
	at com.osl.automation.testcase.osl.CopyOfEmailTracker3.getEmail(CopyOfEmailTracker3.java:79)
	at com.osl.automation.testcase.osl.CopyOfEmailTracker3.getEmail(CopyOfEmailTracker3.java:79)
	at com.osl.automation.testcase.osl.CopyOfEmailTracker3.getEmail(CopyOfEmailTracker3.java:79)
	at com.osl.automation.testcase.osl.CopyOfEmailTracker3.getEmail(CopyOfEmailTracker3.java:79)
	at com.osl.automation.testcase.osl.CopyOfEmailTracker3.getEmail(CopyOfEmailTracker3.java:79)
	at com.osl.automation.testcase.osl.CopyOfEmailTracker3.getEmail(CopyOfEmailTracker3.java:79)
	at com.osl.automation.testcase.osl.CopyOfEmailTracker3.getEmail(CopyOfEmailTracker3.java:79)
	at com.osl.automation.testcase.osl.CopyOfEmailTracker3.getEmail(CopyOfEmailTracker3.java:79)
	at com.osl.automation.testcase.osl.CopyOfEmailTracker3.getEmail(CopyOfEmailTracker3.java:79)
	at com.osl.automation.testcase.osl.CopyOfEmailTracker3.getEmail(CopyOfEmailTracker3.java:79)
	at com.osl.automation.testcase.osl.CopyOfEmailTracker3.getEmail(CopyOfEmailTracker3.java:79)
	at com.osl.automation.testcase.osl.CopyOfEmailTracker3.getEmail(CopyOfEmailTracker3.java:79)
	at com.osl.automation.testcase.osl.CopyOfEmailTracker3.getEmail(CopyOfEmailTracker3.java:79)
	at com.osl.automation.testcase.osl.CopyOfEmailTracker3.getEmail(CopyOfEmailTracker3.java:79)
	at com.osl.automation.testcase.osl.CopyOfEmailTracker3.getEmail(CopyOfEmailTracker3.java:79)
	at com.osl.automation.testcase.osl.CopyOfEmailTracker3.getEmail(CopyOfEmailTracker3.java:79)
	at com.osl.automation.testcase.osl.CopyOfEmailTracker3.getEmail(CopyOfEmailTracker3.java:79)
	at com.osl.automation.testcase.osl.CopyOfEmailTracker3.getEmail(CopyOfEmailTracker3.java:79)
	at com.osl.automation.testcase.osl.CopyOfEmailTracker3.getEmail(CopyOfEmailTracker3.java:79)
	at com.osl.automation.testcase.osl.CopyOfEmailTracker3.getEmail(CopyOfEmailTracker3.java:79)
	at com.osl.automation.testcase.osl.CopyOfEmailTracker3.getEmail(CopyOfEmailTracker3.java:79)
	at com.osl.automation.testcase.osl.CopyOfEmailTracker3.getEmail(CopyOfEmailTracker3.java:79)
	at com.osl.automation.testcase.osl.CopyOfEmailTracker3.getEmail(CopyOfEmailTracker3.java:79)
	at com.osl.automation.testcase.osl.CopyOfEmailTracker3.getEmail(CopyOfEmailTracker3.java:79)
	at com.osl.automation.testcase.osl.CopyOfEmailTracker3.getEmail(CopyOfEmailTracker3.java:79)
	at com.osl.automation.testcase.osl.CopyOfEmailTracker3.getEmail(CopyOfEmailTracker3.java:79)
	at com.osl.automation.testcase.osl.CopyOfEmailTracker3.getEmail(CopyOfEmailTracker3.java:79)
	at com.osl.automation.testcase.osl.CopyOfEmailTracker3.getEmail(CopyOfEmailTracker3.java:79)
	at com.osl.automation.testcase.osl.CopyOfEmailTracker3.getEmail(CopyOfEmailTracker3.java:79)
	at com.osl.automation.testcase.osl.CopyOfEmailTracker3.getEmail(CopyOfEmailTracker3.java:79)
	at com.osl.automation.testcase.osl.CopyOfEmailTracker3.getEmail(CopyOfEmailTracker3.java:79)
	at com.osl.automation.testcase.osl.CopyOfEmailTracker3.getEmail(CopyOfEmailTracker3.java:79)
	at com.osl.automation.testcase.osl.CopyOfEmailTracker3.getEmail(CopyOfEmailTracker3.java:79)
	at com.osl.automation.testcase.osl.CopyOfEmailTracker3.getEmail(CopyOfEmailTracker3.java:79)
	at com.osl.automation.testcase.osl.CopyOfEmailTracker3.getEmail(CopyOfEmailTracker3.java:79)
	at com.osl.automation.testcase.osl.CopyOfEmailTracker3.getEmail(CopyOfEmailTracker3.java:79)
	at com.osl.automation.testcase.osl.CopyOfEmailTracker3.getEmail(CopyOfEmailTracker3.java:79)
	at com.osl.automation.testcase.osl.CopyOfEmailTracker3.getEmail(CopyOfEmailTracker3.java:79)
	at com.osl.automation.testcase.osl.CopyOfEmailTracker3.getEmail(CopyOfEmailTracker3.java:79)
	at com.osl.automation.testcase.osl.CopyOfEmailTracker3.getEmail(CopyOfEmailTracker3.java:79)
	at com.osl.automation.testcase.osl.CopyOfEmailTracker3.getEmail(CopyOfEmailTracker3.java:79)
	at com.osl.automation.testcase.osl.CopyOfEmailTracker3.getEmail(CopyOfEmailTracker3.java:79)
	at com.osl.automation.testcase.osl.CopyOfEmailTracker3.getEmail(CopyOfEmailTracker3.java:79)
	at com.osl.automation.testcase.osl.CopyOfEmailTracker3.getEmail(CopyOfEmailTracker3.java:79)
	at com.osl.automation.testcase.osl.CopyOfEmailTracker3.getEmail(CopyOfEmailTracker3.java:79)
	at com.osl.automation.testcase.osl.CopyOfEmailTracker3.getEmail(CopyOfEmailTracker3.java:79)
	at com.osl.automation.testcase.osl.CopyOfEmailTracker3.getEmail(CopyOfEmailTracker3.java:79)
	at com.osl.automation.testcase.osl.CopyOfEmailTracker3.getEmail(CopyOfEmailTracker3.java:79)
	at com.osl.automation.testcase.osl.CopyOfEmailTracker3.getEmail(CopyOfEmailTracker3.java:79)
	at com.osl.automation.testcase.osl.CopyOfEmailTracker3.getEmail(CopyOfEmailTracker3.java:79)
	at com.osl.automation.testcase.osl.CopyOfEmailTracker3.getEmail(CopyOfEmailTracker3.java:79)
	at com.osl.automation.testcase.osl.CopyOfEmailTracker3.getEmail(CopyOfEmailTracker3.java:79)
	at com.osl.automation.testcase.osl.CopyOfEmailTracker3.getEmail(CopyOfEmailTracker3.java:79)
	at com.osl.automation.testcase.osl.CopyOfEmailTracker3.getEmail(CopyOfEmailTracker3.java:79)
	at com.osl.automation.testcase.osl.CopyOfEmailTracker3.getEmail(CopyOfEmailTracker3.java:79)
	at com.osl.automation.testcase.osl.CopyOfEmailTracker3.getEmail(CopyOfEmailTracker3.java:79)
	at com.osl.automation.testcase.osl.CopyOfEmailTracker3.getEmail(CopyOfEmailTracker3.java:79)
	at com.osl.automation.testcase.osl.CopyOfEmailTracker3.getEmail(CopyOfEmailTracker3.java:79)
	at com.osl.automation.testcase.osl.CopyOfEmailTracker3.getEmail(CopyOfEmailTracker3.java:79)
	at com.osl.automation.testcase.osl.CopyOfEmailTracker3.getEmail(CopyOfEmailTracker3.java:79)
	at com.osl.automation.testcase.osl.CopyOfEmailTracker3.getEmail(CopyOfEmailTracker3.java:79)
	at com.osl.automation.testcase.osl.CopyOfEmailTracker3.getEmail(CopyOfEmailTracker3.java:79)
	at com.osl.automation.testcase.osl.CopyOfEmailTracker3.getEmail(CopyOfEmailTracker3.java:79)
	at com.osl.automation.testcase.osl.CopyOfEmailTracker3.getEmail(CopyOfEmailTracker3.java:79)
	at com.osl.automation.testcase.osl.CopyOfEmailTracker3.getEmail(CopyOfEmailTracker3.java:79)
	at com.osl.automation.testcase.osl.CopyOfEmailTracker3.getEmail(CopyOfEmailTracker3.java:79)
	at com.osl.automation.testcase.osl.CopyOfEmailTracker3.getEmail(CopyOfEmailTracker3.java:79)
	at com.osl.automation.testcase.osl.CopyOfEmailTracker3.getEmail(CopyOfEmailTracker3.java:79)
	at com.osl.automation.testcase.osl.CopyOfEmailTracker3.getEmail(CopyOfEmailTracker3.java:79)
	at com.osl.automation.testcase.osl.CopyOfEmailTracker3.getEmail(CopyOfEmailTracker3.java:79)
	at com.osl.automation.testcase.osl.CopyOfEmailTracker3.getEmail(CopyOfEmailTracker3.java:79)
	at com.osl.automation.testcase.osl.CopyOfEmailTracker3.getEmail(CopyOfEmailTracker3.java:79)
	at com.osl.automation.testcase.osl.CopyOfEmailTracker3.getEmail(CopyOfEmailTracker3.java:79)
	at com.osl.automation.testcase.osl.CopyOfEmailTracker3.getEmail(CopyOfEmailTracker3.java:79)
	at com.osl.automation.testcase.osl.CopyOfEmailTracker3.getEmail(CopyOfEmailTracker3.java:79)
	at com.osl.automation.testcase.osl.CopyOfEmailTracker3.getEmail(CopyOfEmailTracker3.java:79)
	at com.osl.automation.testcase.osl.CopyOfEmailTracker3.getEmail(CopyOfEmailTracker3.java:79)
	at com.osl.automation.testcase.osl.CopyOfEmailTracker3.getEmail(CopyOfEmailTracker3.java:79)
	at com.osl.automation.testcase.osl.CopyOfEmailTracker3.getEmail(CopyOfEmailTracker3.java:79)
	at com.osl.automation.testcase.osl.CopyOfEmailTracker3.getEmail(CopyOfEmailTracker3.java:79)
	at com.osl.automation.testcase.osl.CopyOfEmailTracker3.getEmail(CopyOfEmailTracker3.java:79)
	at com.osl.automation.testcase.osl.CopyOfEmailTracker3.getEmail(CopyOfEmailTracker3.java:79)
	at com.osl.automation.testcase.osl.CopyOfEmailTracker3.getEmail(CopyOfEmailTracker3.java:79)
	at com.osl.automation.testcase.osl.CopyOfEmailTracker3.getEmail(CopyOfEmailTracker3.java:79)
	at com.osl.automation.testcase.osl.CopyOfEmailTracker3.getEmail(CopyOfEmailTracker3.java:79)
	at com.osl.automation.testcase.osl.CopyOfEmailTracker3.getEmail(CopyOfEmailTracker3.java:79)
	at com.osl.automation.testcase.osl.CopyOfEmailTracker3.getEmail(CopyOfEmailTracker3.java:79)
	at com.osl.automation.testcase.osl.CopyOfEmailTracker3.getEmail(CopyOfEmailTracker3.java:79)
	at com.osl.automation.testcase.osl.CopyOfEmailTracker3.getEmail(CopyOfEmailTracker3.java:79)
	at com.osl.automation.testcase.osl.CopyOfEmailTracker3.getEmail(CopyOfEmailTracker3.java:79)
	at com.osl.automation.testcase.osl.CopyOfEmailTracker3.getEmail(CopyOfEmailTracker3.java:79)
	at com.osl.automation.testcase.osl.CopyOfEmailTracker3.getEmail(CopyOfEmailTracker3.java:79)
	at com.osl.automation.testcase.osl.CopyOfEmailTracker3.getEmail(CopyOfEmailTracker3.java:79)
	at com.osl.automation.testcase.osl.CopyOfEmailTracker3.getEmail(CopyOfEmailTracker3.java:79)
	at com.osl.automation.testcase.osl.CopyOfEmailTracker3.getEmail(CopyOfEmailTracker3.java:79)
	at com.osl.automation.testcase.osl.CopyOfEmailTracker3.getEmail(CopyOfEmailTracker3.java:79)
	at com.osl.automation.testcase.osl.CopyOfEmailTracker3.getEmail(CopyOfEmailTracker3.java:79)
	at com.osl.automation.testcase.osl.CopyOfEmailTracker3.getEmail(CopyOfEmailTracker3.java:79)
	at com.osl.automation.testcase.osl.CopyOfEmailTracker3.getEmail(CopyOfEmailTracker3.java:79)
	at com.osl.automation.testcase.osl.CopyOfEmailTracker3.getEmail(CopyOfEmailTracker3.java:79)
	at com.osl.automation.testcase.osl.CopyOfEmailTracker3.getEmail(CopyOfEmailTracker3.java:79)
	at com.osl.automation.testcase.osl.CopyOfEmailTracker3.getEmail(CopyOfEmailTracker3.java:79)
	at com.osl.automation.testcase.osl.CopyOfEmailTracker3.getEmail(CopyOfEmailTracker3.java:79)
	at com.osl.automation.testcase.osl.CopyOfEmailTracker3.getEmail(CopyOfEmailTracker3.java:79)
	at com.osl.automation.testcase.osl.CopyOfEmailTracker3.getEmail(CopyOfEmailTracker3.java:79)
	at com.osl.automation.testcase.osl.CopyOfEmailTracker3.getEmail(CopyOfEmailTracker3.java:79)
	at com.osl.automation.testcase.osl.CopyOfEmailTracker3.getEmail(CopyOfEmailTracker3.java:79)
	at com.osl.automation.testcase.osl.CopyOfEmailTracker3.getEmail(CopyOfEmailTracker3.java:79)
	at com.osl.automation.testcase.osl.CopyOfEmailTracker3.getEmail(CopyOfEmailTracker3.java:79)
	at com.osl.automation.testcase.osl.CopyOfEmailTracker3.getEmail(CopyOfEmailTracker3.java:79)
	at com.osl.automation.testcase.osl.CopyOfEmailTracker3.getEmail(CopyOfEmailTracker3.java:79)
	at com.osl.automation.testcase.osl.CopyOfEmailTracker3.getEmail(CopyOfEmailTracker3.java:79)
	at com.osl.automation.testcase.osl.CopyOfEmailTracker3.getEmail(CopyOfEmailTracker3.java:79)
	at com.osl.automation.testcase.osl.CopyOfEmailTracker3.getEmail(CopyOfEmailTracker3.java:79)
	at com.osl.automation.testcase.osl.CopyOfEmailTracker3.getEmail(CopyOfEmailTracker3.java:79)
	at com.osl.automation.testcase.osl.CopyOfEmailTracker3.getEmail(CopyOfEmailTracker3.java:79)
	at com.osl.automation.testcase.osl.CopyOfEmailTracker3.getEmail(CopyOfEmailTracker3.java:79)
	at com.osl.automation.testcase.osl.CopyOfEmailTracker3.getEmail(CopyOfEmailTracker3.java:79)
	at com.osl.automation.testcase.osl.CopyOfEmailTracker3.getEmail(CopyOfEmailTracker3.java:79)
	at com.osl.automation.testcase.osl.CopyOfEmailTracker3.getEmail(CopyOfEmailTracker3.java:79)
	at com.osl.automation.testcase.osl.CopyOfEmailTracker3.getEmail(CopyOfEmailTracker3.java:79)
	at com.osl.automation.testcase.osl.CopyOfEmailTracker3.getEmail(CopyOfEmailTracker3.java:79)
	at com.osl.automation.testcase.osl.CopyOfEmailTracker3.getEmail(CopyOfEmailTracker3.java:79)
	at com.osl.automation.testcase.osl.CopyOfEmailTracker3.getEmail(CopyOfEmailTracker3.java:79)
	at com.osl.automation.testcase.osl.CopyOfEmailTracker3.getEmail(CopyOfEmailTracker3.java:79)
	at com.osl.automation.testcase.osl.CopyOfEmailTracker3.getEmail(CopyOfEmailTracker3.java:79)
	at com.osl.automation.testcase.osl.CopyOfEmailTracker3.getEmail(CopyOfEmailTracker3.java:79)
	at com.osl.automation.testcase.osl.CopyOfEmailTracker3.getEmail(CopyOfEmailTracker3.java:79)
	at com.osl.automation.testcase.osl.CopyOfEmailTracker3.getEmail(CopyOfEmailTracker3.java:79)
	at com.osl.automation.testcase.osl.CopyOfEmailTracker3.getEmail(CopyOfEmailTracker3.java:79)
	at com.osl.automation.testcase.osl.CopyOfEmailTracker3.getEmail(CopyOfEmailTracker3.java:79)
	at com.osl.automation.testcase.osl.CopyOfEmailTracker3.getEmail(CopyOfEmailTracker3.java:79)
	at com.osl.automation.testcase.osl.CopyOfEmailTracker3.getEmail(CopyOfEmailTracker3.java:79)
	at com.osl.automation.testcase.osl.CopyOfEmailTracker3.getEmail(CopyOfEmailTracker3.java:79)
	at com.osl.automation.testcase.osl.CopyOfEmailTracker3.getEmail(CopyOfEmailTracker3.java:79)
	at com.osl.automation.testcase.osl.CopyOfEmailTracker3.getEmail(CopyOfEmailTracker3.java:79)
	at com.osl.automation.testcase.osl.CopyOfEmailTracker3.getEmail(CopyOfEmailTracker3.java:79)
	at com.osl.automation.testcase.osl.CopyOfEmailTracker3.getEmail(CopyOfEmailTracker3.java:79)
	at com.osl.automation.testcase.osl.CopyOfEmailTracker3.getEmail(CopyOfEmailTracker3.java:79)
	at com.osl.automation.testcase.osl.CopyOfEmailTracker3.getEmail(CopyOfEmailTracker3.java:79)
	at com.osl.automation.testcase.osl.CopyOfEmailTracker3.getEmail(CopyOfEmailTracker3.java:79)
	at com.osl.automation.testcase.osl.CopyOfEmailTracker3.getEmail(CopyOfEmailTracker3.java:79)
	at com.osl.automation.testcase.osl.CopyOfEmailTracker3.getEmail(CopyOfEmailTracker3.java:79)
	at com.osl.automation.testcase.osl.CopyOfEmailTracker3.getEmail(CopyOfEmailTracker3.java:79)
	at com.osl.automation.testcase.osl.CopyOfEmailTracker3.getEmail(CopyOfEmailTracker3.java:79)
	at com.osl.automation.testcase.osl.CopyOfEmailTracker3.getEmail(CopyOfEmailTracker3.java:79)
	at com.osl.automation.testcase.osl.CopyOfEmailTracker3.getEmail(CopyOfEmailTracker3.java:79)
	at com.osl.automation.testcase.osl.CopyOfEmailTracker3.getEmail(CopyOfEmailTracker3.java:79)
	at com.osl.automation.testcase.osl.CopyOfEmailTracker3.getEmail(CopyOfEmailTracker3.java:79)
	at com.osl.automation.testcase.osl.CopyOfEmailTracker3.getEmail(CopyOfEmailTracker3.java:79)
	at com.osl.automation.testcase.osl.CopyOfEmailTracker3.getEmail(CopyOfEmailTracker3.java:79)
	at com.osl.automation.testcase.osl.CopyOfEmailTracker3.getEmail(CopyOfEmailTracker3.java:79)
	at com.osl.automation.testcase.osl.CopyOfEmailTracker3.getEmail(CopyOfEmailTracker3.java:79)
	at com.osl.automation.testcase.osl.CopyOfEmailTracker3.getEmail(CopyOfEmailTracker3.java:79)
	at com.osl.automation.testcase.osl.CopyOfEmailTracker3.getEmail(CopyOfEmailTracker3.java:79)
	at com.osl.automation.testcase.osl.CopyOfEmailTracker3.getEmail(CopyOfEmailTracker3.java:79)
	at com.osl.automation.testcase.osl.CopyOfEmailTracker3.getEmail(CopyOfEmailTracker3.java:79)
	at com.osl.automation.testcase.osl.CopyOfEmailTracker3.getEmail(CopyOfEmailTracker3.java:79)
	at com.osl.automation.testcase.osl.CopyOfEmailTracker3.getEmail(CopyOfEmailTracker3.java:79)
	at com.osl.automation.testcase.osl.CopyOfEmailTracker3.getEmail(CopyOfEmailTracker3.java:79)
	at com.osl.automation.testcase.osl.CopyOfEmailTracker3.getEmail(CopyOfEmailTracker3.java:79)
	at com.osl.automation.testcase.osl.CopyOfEmailTracker3.getEmail(CopyOfEmailTracker3.java:79)
	at com.osl.automation.testcase.osl.CopyOfEmailTracker3.getEmail(CopyOfEmailTracker3.java:79)
	at com.osl.automation.testcase.osl.CopyOfEmailTracker3.getEmail(CopyOfEmailTracker3.java:79)
	at com.osl.automation.testcase.osl.CopyOfEmailTracker3.getEmail(CopyOfEmailTracker3.java:79)
	at com.osl.automation.testcase.osl.CopyOfEmailTracker3.getEmail(CopyOfEmailTracker3.java:79)
	at com.osl.automation.testcase.osl.CopyOfEmailTracker3.getEmail(CopyOfEmailTracker3.java:79)
	at com.osl.automation.testcase.osl.CopyOfEmailTracker3.getEmail(CopyOfEmailTracker3.java:79)
	at com.osl.automation.testcase.osl.CopyOfEmailTracker3.getEmail(CopyOfEmailTracker3.java:79)
	at com.osl.automation.testcase.osl.CopyOfEmailTracker3.getEmail(CopyOfEmailTracker3.java:79)
	at com.osl.automation.testcase.osl.CopyOfEmailTracker3.getEmail(CopyOfEmailTracker3.java:79)
	at com.osl.automation.testcase.osl.CopyOfEmailTracker3.getEmail(CopyOfEmailTracker3.java:79)
	at com.osl.automation.testcase.osl.CopyOfEmailTracker3.getEmail(CopyOfEmailTracker3.java:79)
	at com.osl.automation.testcase.osl.CopyOfEmailTracker3.getEmail(CopyOfEmailTracker3.java:79)
	at com.osl.automation.testcase.osl.CopyOfEmailTracker3.getEmail(CopyOfEmailTracker3.java:79)
	at com.osl.automation.testcase.osl.CopyOfEmailTracker3.getEmail(CopyOfEmailTracker3.java:79)
	at com.osl.automation.testcase.osl.CopyOfEmailTracker3.getEmail(CopyOfEmailTracker3.java:79)
	at com.osl.automation.testcase.osl.CopyOfEmailTracker3.getEmail(CopyOfEmailTracker3.java:79)
	at com.osl.automation.testcase.osl.CopyOfEmailTracker3.getEmail(CopyOfEmailTracker3.java:79)
	at com.osl.automation.testcase.osl.CopyOfEmailTracker3.getEmail(CopyOfEmailTracker3.java:79)
	at com.osl.automation.testcase.osl.CopyOfEmailTracker3.getEmail(CopyOfEmailTracker3.java:79)
	at com.osl.automation.testcase.osl.CopyOfEmailTracker3.getEmail(CopyOfEmailTracker3.java:79)
	at com.osl.automation.testcase.osl.CopyOfEmailTracker3.getEmail(CopyOfEmailTracker3.java:79)
	at com.osl.automation.testcase.osl.CopyOfEmailTracker3.getEmail(CopyOfEmailTracker3.java:79)
	at com.osl.automation.testcase.osl.CopyOfEmailTracker3.getEmail(CopyOfEmailTracker3.java:79)
	at com.osl.automation.testcase.osl.CopyOfEmailTracker3.getEmail(CopyOfEmailTracker3.java:79)
	at com.osl.automation.testcase.osl.CopyOfEmailTracker3.getEmail(CopyOfEmailTracker3.java:79)
	at com.osl.automation.testcase.osl.CopyOfEmailTracker3.getEmail(CopyOfEmailTracker3.java:79)
	at com.osl.automation.testcase.osl.CopyOfEmailTracker3.getEmail(CopyOfEmailTracker3.java:79)
	at com.osl.automation.testcase.osl.CopyOfEmailTracker3.getEmail(CopyOfEmailTracker3.java:79)
	at com.osl.automation.testcase.osl.CopyOfEmailTracker3.getEmail(CopyOfEmailTracker3.java:79)
	at com.osl.automation.testcase.osl.CopyOfEmailTracker3.getEmail(CopyOfEmailTracker3.java:79)
	at com.osl.automation.testcase.osl.CopyOfEmailTracker3.getEmail(CopyOfEmailTracker3.java:79)
	at com.osl.automation.testcase.osl.CopyOfEmailTracker3.getEmail(CopyOfEmailTracker3.java:79)
	at com.osl.automation.testcase.osl.CopyOfEmailTracker3.getEmail(CopyOfEmailTracker3.java:79)
	at com.osl.automation.testcase.osl.CopyOfEmailTracker3.getEmail(CopyOfEmailTracker3.java:79)
	at com.osl.automation.testcase.osl.CopyOfEmailTracker3.getEmail(CopyOfEmailTracker3.java:79)
	at com.osl.automation.testcase.osl.CopyOfEmailTracker3.getEmail(CopyOfEmailTracker3.java:79)
	at com.osl.automation.testcase.osl.CopyOfEmailTracker3.getEmail(CopyOfEmailTracker3.java:79)
	at com.osl.automation.testcase.osl.CopyOfEmailTracker3.getEmail(CopyOfEmailTracker3.java:79)
	at com.osl.automation.testcase.osl.CopyOfEmailTracker3.getEmail(CopyOfEmailTracker3.java:79)
	at com.osl.automation.testcase.osl.CopyOfEmailTracker3.getEmail(CopyOfEmailTracker3.java:79)
	at com.osl.automation.testcase.osl.CopyOfEmailTracker3.getEmail(CopyOfEmailTracker3.java:79)
	at com.osl.automation.testcase.osl.CopyOfEmailTracker3.getEmail(CopyOfEmailTracker3.java:79)
	at com.osl.automation.testcase.osl.CopyOfEmailTracker3.getEmail(CopyOfEmailTracker3.java:79)
	at com.osl.automation.testcase.osl.CopyOfEmailTracker3.getEmail(CopyOfEmailTracker3.java:79)
	at com.osl.automation.testcase.osl.CopyOfEmailTracker3.getEmail(CopyOfEmailTracker3.java:79)
	at com.osl.automation.testcase.osl.CopyOfEmailTracker3.getEmail(CopyOfEmailTracker3.java:79)
	at com.osl.automation.testcase.osl.CopyOfEmailTracker3.getEmail(CopyOfEmailTracker3.java:79)
	at com.osl.automation.testcase.osl.CopyOfEmailTracker3.getEmail(CopyOfEmailTracker3.java:79)
	at com.osl.automation.testcase.osl.CopyOfEmailTracker3.getEmail(CopyOfEmailTracker3.java:79)
	at com.osl.automation.testcase.osl.CopyOfEmailTracker3.getEmail(CopyOfEmailTracker3.java:79)
	at com.osl.automation.testcase.osl.CopyOfEmailTracker3.getEmail(CopyOfEmailTracker3.java:79)
	at com.osl.automation.testcase.osl.CopyOfEmailTracker3.getEmail(CopyOfEmailTracker3.java:79)
	at com.osl.automation.testcase.osl.CopyOfEmailTracker3.getEmail(CopyOfEmailTracker3.java:79)
	at com.osl.automation.testcase.osl.CopyOfEmailTracker3.getEmail(CopyOfEmailTracker3.java:79)
	at com.osl.automation.testcase.osl.CopyOfEmailTracker3.getEmail(CopyOfEmailTracker3.java:79)
	at com.osl.automation.testcase.osl.CopyOfEmailTracker3.getEmail(CopyOfEmailTracker3.java:79)
	at com.osl.automation.testcase.osl.CopyOfEmailTracker3.getEmail(CopyOfEmailTracker3.java:79)
	at com.osl.automation.testcase.osl.CopyOfEmailTracker3.getEmail(CopyOfEmailTracker3.java:79)
	at com.osl.automation.testcase.osl.CopyOfEmailTracker3.getEmail(CopyOfEmailTracker3.java:79)
	at com.osl.automation.testcase.osl.CopyOfEmailTracker3.getEmail(CopyOfEmailTracker3.java:79)
	at com.osl.automation.testcase.osl.CopyOfEmailTracker3.getEmail(CopyOfEmailTracker3.java:79)
	at com.osl.automation.testcase.osl.CopyOfEmailTracker3.getEmail(CopyOfEmailTracker3.java:79)
	at com.osl.automation.testcase.osl.CopyOfEmailTracker3.getEmail(CopyOfEmailTracker3.java:79)
	at com.osl.automation.testcase.osl.CopyOfEmailTracker3.getEmail(CopyOfEmailTracker3.java:79)
	at com.osl.automation.testcase.osl.CopyOfEmailTracker3.getEmail(CopyOfEmailTracker3.java:79)
	at com.osl.automation.testcase.osl.CopyOfEmailTracker3.getEmail(CopyOfEmailTracker3.java:79)
	at com.osl.automation.testcase.osl.CopyOfEmailTracker3.getEmail(CopyOfEmailTracker3.java:79)
	at com.osl.automation.testcase.osl.CopyOfEmailTracker3.getEmail(CopyOfEmailTracker3.java:79)
	at com.osl.automation.testcase.osl.CopyOfEmailTracker3.getEmail(CopyOfEmailTracker3.java:79)
	at com.osl.automation.testcase.osl.CopyOfEmailTracker3.getEmail(CopyOfEmailTracker3.java:79)
	at com.osl.automation.testcase.osl.CopyOfEmailTracker3.getEmail(CopyOfEmailTracker3.java:79)
	at com.osl.automation.testcase.osl.CopyOfEmailTracker3.getEmail(CopyOfEmailTracker3.java:79)
	at com.osl.automation.testcase.osl.CopyOfEmailTracker3.getEmail(CopyOfEmailTracker3.java:79)
	at com.osl.automation.testcase.osl.CopyOfEmailTracker3.getEmail(CopyOfEmailTracker3.java:79)
	at com.osl.automation.testcase.osl.CopyOfEmailTracker3.getEmail(CopyOfEmailTracker3.java:79)
	at com.osl.automation.testcase.osl.CopyOfEmailTracker3.getEmail(CopyOfEmailTracker3.java:79)
	at com.osl.automation.testcase.osl.CopyOfEmailTracker3.getEmail(CopyOfEmailTracker3.java:79)
	at com.osl.automation.testcase.osl.CopyOfEmailTracker3.getEmail(CopyOfEmailTracker3.java:79)
	at com.osl.automation.testcase.osl.CopyOfEmailTracker3.getEmail(CopyOfEmailTracker3.java:79)
	at com.osl.automation.testcase.osl.CopyOfEmailTracker3.getEmail(CopyOfEmailTracker3.java:79)
	at com.osl.automation.testcase.osl.CopyOfEmailTracker3.getEmail(CopyOfEmailTracker3.java:79)
	at com.osl.automation.testcase.osl.CopyOfEmailTracker3.getEmail(CopyOfEmailTracker3.java:79)
	at com.osl.automation.testcase.osl.CopyOfEmailTracker3.getEmail(CopyOfEmailTracker3.java:79)
	at com.osl.automation.testcase.osl.CopyOfEmailTracker3.getEmail(CopyOfEmailTracker3.java:79)
	at com.osl.automation.testcase.osl.CopyOfEmailTracker3.getEmail(CopyOfEmailTracker3.java:79)
	at com.osl.automation.testcase.osl.CopyOfEmailTracker3.getEmail(CopyOfEmailTracker3.java:79)
	at com.osl.automation.testcase.osl.CopyOfEmailTracker3.getEmail(CopyOfEmailTracker3.java:79)
	at com.osl.automation.testcase.osl.CopyOfEmailTracker3.getEmail(CopyOfEmailTracker3.java:79)
	at com.osl.automation.testcase.osl.CopyOfEmailTracker3.getEmail(CopyOfEmailTracker3.java:79)
	at com.osl.automation.testcase.osl.CopyOfEmailTracker3.getEmail(CopyOfEmailTracker3.java:79)
	at com.osl.automation.testcase.osl.CopyOfEmailTracker3.getEmail(CopyOfEmailTracker3.java:79)
	at com.osl.automation.testcase.osl.CopyOfEmailTracker3.getEmail(CopyOfEmailTracker3.java:79)
	at com.osl.automation.testcase.osl.CopyOfEmailTracker3.getEmail(CopyOfEmailTracker3.java:79)
	at com.osl.automation.testcase.osl.CopyOfEmailTracker3.getEmail(CopyOfEmailTracker3.java:79)
	at com.osl.automation.testcase.osl.CopyOfEmailTracker3.getEmail(CopyOfEmailTracker3.java:79)
	at com.osl.automation.testcase.osl.CopyOfEmailTracker3.getEmail(CopyOfEmailTracker3.java:79)
	at com.osl.automation.testcase.osl.CopyOfEmailTracker3.getEmail(CopyOfEmailTracker3.java:79)
	at com.osl.automation.testcase.osl.CopyOfEmailTracker3.getEmail(CopyOfEmailTracker3.java:79)
	at com.osl.automation.testcase.osl.CopyOfEmailTracker3.getEmail(CopyOfEmailTracker3.java:79)
	at com.osl.automation.testcase.osl.CopyOfEmailTracker3.getEmail(CopyOfEmailTracker3.java:79)
	at com.osl.automation.testcase.osl.CopyOfEmailTracker3.getEmail(CopyOfEmailTracker3.java:79)
	at com.osl.automation.testcase.osl.CopyOfEmailTracker3.getEmail(CopyOfEmailTracker3.java:79)
	at com.osl.automation.testcase.osl.CopyOfEmailTracker3.getEmail(CopyOfEmailTracker3.java:79)
	at com.osl.automation.testcase.osl.CopyOfEmailTracker3.getEmail(CopyOfEmailTracker3.java:79)
	at com.osl.automation.testcase.osl.CopyOfEmailTracker3.getEmail(CopyOfEmailTracker3.java:79)
	at com.osl.automation.testcase.osl.CopyOfEmailTracker3.getEmail(CopyOfEmailTracker3.java:79)
	at com.osl.automation.testcase.osl.CopyOfEmailTracker3.getEmail(CopyOfEmailTracker3.java:79)
	at com.osl.automation.testcase.osl.CopyOfEmailTracker3.getEmail(CopyOfEmailTracker3.java:79)
	at com.osl.automation.testcase.osl.CopyOfEmailTracker3.getEmail(CopyOfEmailTracker3.java:79)
	at com.osl.automation.testcase.osl.CopyOfEmailTracker3.getEmail(CopyOfEmailTracker3.java:79)
	at com.osl.automation.testcase.osl.CopyOfEmailTracker3.getEmail(CopyOfEmailTracker3.java:79)
	at com.osl.automation.testcase.osl.CopyOfEmailTracker3.getEmail(CopyOfEmailTracker3.java:79)
	at com.osl.automation.testcase.osl.CopyOfEmailTracker3.getEmail(CopyOfEmailTracker3.java:79)
	at com.osl.automation.testcase.osl.CopyOfEmailTracker3.getEmail(CopyOfEmailTracker3.java:79)
	at com.osl.automation.testcase.osl.CopyOfEmailTracker3.getEmail(CopyOfEmailTracker3.java:79)
	at com.osl.automation.testcase.osl.CopyOfEmailTracker3.getEmail(CopyOfEmailTracker3.java:79)
	at com.osl.automation.testcase.osl.CopyOfEmailTracker3.getEmail(CopyOfEmailTracker3.java:79)
	at com.osl.automation.testcase.osl.CopyOfEmailTracker3.getEmail(CopyOfEmailTracker3.java:79)
	at com.osl.automation.testcase.osl.CopyOfEmailTracker3.getEmail(CopyOfEmailTracker3.java:79)
	at com.osl.automation.testcase.osl.CopyOfEmailTracker3.getEmail(CopyOfEmailTracker3.java:79)
	at com.osl.automation.testcase.osl.CopyOfEmailTracker3.getEmail(CopyOfEmailTracker3.java:79)
	at com.osl.automation.testcase.osl.CopyOfEmailTracker3.getEmail(CopyOfEmailTracker3.java:79)
	at com.osl.automation.testcase.osl.CopyOfEmailTracker3.getEmail(CopyOfEmailTracker3.java:79)
	at com.osl.automation.testcase.osl.CopyOfEmailTracker3.getEmail(CopyOfEmailTracker3.java:79)
	at com.osl.automation.testcase.osl.CopyOfEmailTracker3.getEmail(CopyOfEmailTracker3.java:79)
	at com.osl.automation.testcase.osl.CopyOfEmailTracker3.getEmail(CopyOfEmailTracker3.java:79)
	at com.osl.automation.testcase.osl.CopyOfEmailTracker3.getEmail(CopyOfEmailTracker3.java:79)
	at com.osl.automation.testcase.osl.CopyOfEmailTracker3.getEmail(CopyOfEmailTracker3.java:79)
	at com.osl.automation.testcase.osl.CopyOfEmailTracker3.getEmail(CopyOfEmailTracker3.java:79)
	at com.osl.automation.testcase.osl.CopyOfEmailTracker3.getEmail(CopyOfEmailTracker3.java:79)
	at com.osl.automation.testcase.osl.CopyOfEmailTracker3.getEmail(CopyOfEmailTracker3.java:79)
	at com.osl.automation.testcase.osl.CopyOfEmailTracker3.getEmail(CopyOfEmailTracker3.java:79)
	at com.osl.automation.testcase.osl.CopyOfEmailTracker3.getEmail(CopyOfEmailTracker3.java:79)
	at com.osl.automation.testcase.osl.CopyOfEmailTracker3.getEmail(CopyOfEmailTracker3.java:79)
	at com.osl.automation.testcase.osl.CopyOfEmailTracker3.getEmail(CopyOfEmailTracker3.java:79)
	at com.osl.automation.testcase.osl.CopyOfEmailTracker3.getEmail(CopyOfEmailTracker3.java:79)
	at com.osl.automation.testcase.osl.CopyOfEmailTracker3.getEmail(CopyOfEmailTracker3.java:79)
	at com.osl.automation.testcase.osl.CopyOfEmailTracker3.getEmail(CopyOfEmailTracker3.java:79)
	at com.osl.automation.testcase.osl.CopyOfEmailTracker3.getEmail(CopyOfEmailTracker3.java:79)
	at com.osl.automation.testcase.osl.CopyOfEmailTracker3.getEmail(CopyOfEmailTracker3.java:79)
	at com.osl.automation.testcase.osl.CopyOfEmailTracker3.getEmail(CopyOfEmailTracker3.java:79)
	at com.osl.automation.testcase.osl.CopyOfEmailTracker3.getEmail(CopyOfEmailTracker3.java:79)
	at com.osl.automation.testcase.osl.CopyOfEmailTracker3.getEmail(CopyOfEmailTracker3.java:79)
	at com.osl.automation.testcase.osl.CopyOfEmailTracker3.getEmail(CopyOfEmailTracker3.java:79)
	at com.osl.automation.testcase.osl.CopyOfEmailTracker3.getEmail(CopyOfEmailTracker3.java:79)
	at com.osl.automation.testcase.osl.CopyOfEmailTracker3.getEmail(CopyOfEmailTracker3.java:79)
	at com.osl.automation.testcase.osl.CopyOfEmailTracker3.getEmail(CopyOfEmailTracker3.java:79)
	at com.osl.automation.testcase.osl.CopyOfEmailTracker3.getEmail(CopyOfEmailTracker3.java:79)
	at com.osl.automation.testcase.osl.CopyOfEmailTracker3.getEmail(CopyOfEmailTracker3.java:79)
	at com.osl.automation.testcase.osl.CopyOfEmailTracker3.getEmail(CopyOfEmailTracker3.java:79)
	at com.osl.automation.testcase.osl.CopyOfEmailTracker3.getEmail(CopyOfEmailTracker3.java:79)
	at com.osl.automation.testcase.osl.CopyOfEmailTracker3.getEmail(CopyOfEmailTracker3.java:79)
	at com.osl.automation.testcase.osl.CopyOfEmailTracker3.getEmail(CopyOfEmailTracker3.java:79)
	at com.osl.automation.testcase.osl.CopyOfEmailTracker3.getEmail(CopyOfEmailTracker3.java:79)
	at com.osl.automation.testcase.osl.CopyOfEmailTracker3.getEmail(CopyOfEmailTracker3.java:79)
	at com.osl.automation.testcase.osl.CopyOfEmailTracker3.getEmail(CopyOfEmailTracker3.java:79)
	at com.osl.automation.testcase.osl.CopyOfEmailTracker3.getEmail(CopyOfEmailTracker3.java:79)
	at com.osl.automation.testcase.osl.CopyOfEmailTracker3.getEmail(CopyOfEmailTracker3.java:79)
	at com.osl.automation.testcase.osl.CopyOfEmailTracker3.getEmail(CopyOfEmailTracker3.java:79)
	at com.osl.automation.testcase.osl.CopyOfEmailTracker3.getEmail(CopyOfEmailTracker3.java:79)
	at com.osl.automation.testcase.osl.CopyOfEmailTracker3.getEmail(CopyOfEmailTracker3.java:79)
	at com.osl.automation.testcase.osl.CopyOfEmailTracker3.getEmail(CopyOfEmailTracker3.java:79)
	at com.osl.automation.testcase.osl.CopyOfEmailTracker3.getEmail(CopyOfEmailTracker3.java:79)
	at com.osl.automation.testcase.osl.CopyOfEmailTracker3.getEmail(CopyOfEmailTracker3.java:79)
	at com.osl.automation.testcase.osl.CopyOfEmailTracker3.getEmail(CopyOfEmailTracker3.java:79)
	at com.osl.automation.testcase.osl.CopyOfEmailTracker3.getEmail(CopyOfEmailTracker3.java:79)
	at com.osl.automation.testcase.osl.CopyOfEmailTracker3.getEmail(CopyOfEmailTracker3.java:79)
	at com.osl.automation.testcase.osl.CopyOfEmailTracker3.getEmail(CopyOfEmailTracker3.java:79)
	at com.osl.automation.testcase.osl.CopyOfEmailTracker3.getEmail(CopyOfEmailTracker3.java:79)
	at com.osl.automation.testcase.osl.CopyOfEmailTracker3.getEmail(CopyOfEmailTracker3.java:79)
	at com.osl.automation.testcase.osl.CopyOfEmailTracker3.getEmail(CopyOfEmailTracker3.java:79)
	at com.osl.automation.testcase.osl.CopyOfEmailTracker3.getEmail(CopyOfEmailTracker3.java:79)
	at com.osl.automation.testcase.osl.CopyOfEmailTracker3.getEmail(CopyOfEmailTracker3.java:79)
	at com.osl.automation.testcase.osl.CopyOfEmailTracker3.getEmail(CopyOfEmailTracker3.java:79)
	at com.osl.automation.testcase.osl.CopyOfEmailTracker3.getEmail(CopyOfEmailTracker3.java:79)
	at com.osl.automation.testcase.osl.CopyOfEmailTracker3.getEmail(CopyOfEmailTracker3.java:79)
	at com.osl.automation.testcase.osl.CopyOfEmailTracker3.getEmail(CopyOfEmailTracker3.java:79)
	at com.osl.automation.testcase.osl.CopyOfEmailTracker3.getEmail(CopyOfEmailTracker3.java:79)
	at com.osl.automation.testcase.osl.CopyOfEmailTracker3.getEmail(CopyOfEmailTracker3.java:79)
	at com.osl.automation.testcase.osl.CopyOfEmailTracker3.getEmail(CopyOfEmailTracker3.java:79)
	at com.osl.automation.testcase.osl.CopyOfEmailTracker3.getEmail(CopyOfEmailTracker3.java:79)
	at com.osl.automation.testcase.osl.CopyOfEmailTracker3.getEmail(CopyOfEmailTracker3.java:79)
	at com.osl.automation.testcase.osl.CopyOfEmailTracker3.getEmail(CopyOfEmailTracker3.java:79)
	at com.osl.automation.testcase.osl.CopyOfEmailTracker3.getEmail(CopyOfEmailTracker3.java:79)
	at com.osl.automation.testcase.osl.CopyOfEmailTracker3.getEmail(CopyOfEmailTracker3.java:79)
	at com.osl.automation.testcase.osl.CopyOfEmailTracker3.getEmail(CopyOfEmailTracker3.java:79)
	at com.osl.automation.testcase.osl.CopyOfEmailTracker3.getEmail(CopyOfEmailTracker3.java:79)
	at com.osl.automation.testcase.osl.CopyOfEmailTracker3.getEmail(CopyOfEmailTracker3.java:79)
	at com.osl.automation.testcase.osl.CopyOfEmailTracker3.getEmail(CopyOfEmailTracker3.java:79)
	at com.osl.automation.testcase.osl.CopyOfEmailTracker3.getEmail(CopyOfEmailTracker3.java:79)
	at com.osl.automation.testcase.osl.CopyOfEmailTracker3.getEmail(CopyOfEmailTracker3.java:79)
	at com.osl.automation.testcase.osl.CopyOfEmailTracker3.getEmail(CopyOfEmailTracker3.java:79)
	at com.osl.automation.testcase.osl.CopyOfEmailTracker3.getEmail(CopyOfEmailTracker3.java:79)
	at com.osl.automation.testcase.osl.CopyOfEmailTracker3.getEmail(CopyOfEmailTracker3.java:79)
	at com.osl.automation.testcase.osl.CopyOfEmailTracker3.getEmail(CopyOfEmailTracker3.java:79)
	at com.osl.automation.testcase.osl.CopyOfEmailTracker3.getEmail(CopyOfEmailTracker3.java:79)
	at com.osl.automation.testcase.osl.CopyOfEmailTracker3.getEmail(CopyOfEmailTracker3.java:79)
	at com.osl.automation.testcase.osl.CopyOfEmailTracker3.getEmail(CopyOfEmailTracker3.java:79)
	at com.osl.automation.testcase.osl.CopyOfEmailTracker3.getEmail(CopyOfEmailTracker3.java:79)
	at com.osl.automation.testcase.osl.CopyOfEmailTracker3.getEmail(CopyOfEmailTracker3.java:79)
	at com.osl.automation.testcase.osl.CopyOfEmailTracker3.getEmail(CopyOfEmailTracker3.java:79)
	at com.osl.automation.testcase.osl.CopyOfEmailTracker3.getEmail(CopyOfEmailTracker3.java:79)
	at com.osl.automation.testcase.osl.CopyOfEmailTracker3.getEmail(CopyOfEmailTracker3.java:79)
	at com.osl.automation.testcase.osl.CopyOfEmailTracker3.getEmail(CopyOfEmailTracker3.java:79)
	at com.osl.automation.testcase.osl.CopyOfEmailTracker3.getEmail(CopyOfEmailTracker3.java:79)
	at com.osl.automation.testcase.osl.CopyOfEmailTracker3.getEmail(CopyOfEmailTracker3.java:79)
	at com.osl.automation.testcase.osl.CopyOfEmailTracker3.getEmail(CopyOfEmailTracker3.java:79)
	at com.osl.automation.testcase.osl.CopyOfEmailTracker3.getEmail(CopyOfEmailTracker3.java:79)
	at com.osl.automation.testcase.osl.CopyOfEmailTracker3.getEmail(CopyOfEmailTracker3.java:79)
	at com.osl.automation.testcase.osl.CopyOfEmailTracker3.getEmail(CopyOfEmailTracker3.java:79)
	at com.osl.automation.testcase.osl.CopyOfEmailTracker3.getEmail(CopyOfEmailTracker3.java:79)
	at com.osl.automation.testcase.osl.CopyOfEmailTracker3.getEmail(CopyOfEmailTracker3.java:79)
	at com.osl.automation.testcase.osl.CopyOfEmailTracker3.getEmail(CopyOfEmailTracker3.java:79)
	at com.osl.automation.testcase.osl.CopyOfEmailTracker3.getEmail(CopyOfEmailTracker3.java:79)
	at com.osl.automation.testcase.osl.CopyOfEmailTracker3.getEmail(CopyOfEmailTracker3.java:79)
	at com.osl.automation.testcase.osl.CopyOfEmailTracker3.getEmail(CopyOfEmailTracker3.java:79)
	at com.osl.automation.testcase.osl.CopyOfEmailTracker3.getEmail(CopyOfEmailTracker3.java:79)
	at com.osl.automation.testcase.osl.CopyOfEmailTracker3.getEmail(CopyOfEmailTracker3.java:79)
	at com.osl.automation.testcase.osl.CopyOfEmailTracker3.getEmail(CopyOfEmailTracker3.java:79)
	at com.osl.automation.testcase.osl.CopyOfEmailTracker3.getEmail(CopyOfEmailTracker3.java:79)
	at com.osl.automation.testcase.osl.CopyOfEmailTracker3.getEmail(CopyOfEmailTracker3.java:79)
	at com.osl.automation.testcase.osl.CopyOfEmailTracker3.getEmail(CopyOfEmailTracker3.java:79)
	at com.osl.automation.testcase.osl.CopyOfEmailTracker3.getEmail(CopyOfEmailTracker3.java:79)
	at com.osl.automation.testcase.osl.CopyOfEmailTracker3.getEmail(CopyOfEmailTracker3.java:79)
	at com.osl.automation.testcase.osl.CopyOfEmailTracker3.getEmail(CopyOfEmailTracker3.java:79)
	at com.osl.automation.testcase.osl.CopyOfEmailTracker3.getEmail(CopyOfEmailTracker3.java:79)
	at com.osl.automation.testcase.osl.CopyOfEmailTracker3.getEmail(CopyOfEmailTracker3.java:79)
	at com.osl.automation.testcase.osl.CopyOfEmailTracker3.getEmail(CopyOfEmailTracker3.java:79)
	at com.osl.automation.testcase.osl.CopyOfEmailTracker3.getEmail(CopyOfEmailTracker3.java:79)
	at com.osl.automation.testcase.osl.CopyOfEmailTracker3.getEmail(CopyOfEmailTracker3.java:79)
	at com.osl.automation.testcase.osl.CopyOfEmailTracker3.getEmail(CopyOfEmailTracker3.java:79)
	at com.osl.automation.testcase.osl.CopyOfEmailTracker3.getEmail(CopyOfEmailTracker3.java:79)
	at com.osl.automation.testcase.osl.CopyOfEmailTracker3.getEmail(CopyOfEmailTracker3.java:79)
	at com.osl.automation.testcase.osl.CopyOfEmailTracker3.getEmail(CopyOfEmailTracker3.java:79)
	at com.osl.automation.testcase.osl.CopyOfEmailTracker3.getEmail(CopyOfEmailTracker3.java:79)
	at com.osl.automation.testcase.osl.CopyOfEmailTracker3.getEmail(CopyOfEmailTracker3.java:79)
	at com.osl.automation.testcase.osl.CopyOfEmailTracker3.getEmail(CopyOfEmailTracker3.java:79)
	at com.osl.automation.testcase.osl.CopyOfEmailTracker3.getEmail(CopyOfEmailTracker3.java:79)
	at com.osl.automation.testcase.osl.CopyOfEmailTracker3.getEmail(CopyOfEmailTracker3.java:79)
	at com.osl.automation.testcase.osl.CopyOfEmailTracker3.getEmail(CopyOfEmailTracker3.java:79)
	at com.osl.automation.testcase.osl.CopyOfEmailTracker3.getEmail(CopyOfEmailTracker3.java:79)
	at com.osl.automation.testcase.osl.CopyOfEmailTracker3.getEmail(CopyOfEmailTracker3.java:79)
	at com.osl.automation.testcase.osl.CopyOfEmailTracker3.getEmail(CopyOfEmailTracker3.java:79)
	at com.osl.automation.testcase.osl.CopyOfEmailTracker3.getEmail(CopyOfEmailTracker3.java:79)
	at com.osl.automation.testcase.osl.CopyOfEmailTracker3.getEmail(CopyOfEmailTracker3.java:79)
	at com.osl.automation.testcase.osl.CopyOfEmailTracker3.getEmail(CopyOfEmailTracker3.java:79)
	at com.osl.automation.testcase.osl.CopyOfEmailTracker3.getEmail(CopyOfEmailTracker3.java:79)
	at com.osl.automation.testcase.osl.CopyOfEmailTracker3.getEmail(CopyOfEmailTracker3.java:79)
	at com.osl.automation.testcase.osl.CopyOfEmailTracker3.getEmail(CopyOfEmailTracker3.java:79)
	at com.osl.automation.testcase.osl.CopyOfEmailTracker3.getEmail(CopyOfEmailTracker3.java:79)
	at com.osl.automation.testcase.osl.CopyOfEmailTracker3.getEmail(CopyOfEmailTracker3.java:79)
	at com.osl.automation.testcase.osl.CopyOfEmailTracker3.getEmail(CopyOfEmailTracker3.java:79)
	at com.osl.automation.testcase.osl.CopyOfEmailTracker3.getEmail(CopyOfEmailTracker3.java:79)
	at com.osl.automation.testcase.osl.CopyOfEmailTracker3.getEmail(CopyOfEmailTracker3.java:79)
	at com.osl.automation.testcase.osl.CopyOfEmailTracker3.getEmail(CopyOfEmailTracker3.java:79)
	at com.osl.automation.testcase.osl.CopyOfEmailTracker3.getEmail(CopyOfEmailTracker3.java:79)
	at com.osl.automation.testcase.osl.CopyOfEmailTracker3.getEmail(CopyOfEmailTracker3.java:79)
	at com.osl.automation.testcase.osl.CopyOfEmailTracker3.getEmail(CopyOfEmailTracker3.java:79)
	at com.osl.automation.testcase.osl.CopyOfEmailTracker3.getEmail(CopyOfEmailTracker3.java:79)
	at com.osl.automation.testcase.osl.CopyOfEmailTracker3.getEmail(CopyOfEmailTracker3.java:79)
	at com.osl.automation.testcase.osl.CopyOfEmailTracker3.getEmail(CopyOfEmailTracker3.java:79)
	at com.osl.automation.testcase.osl.CopyOfEmailTracker3.getEmail(CopyOfEmailTracker3.java:79)
	at com.osl.automation.testcase.osl.CopyOfEmailTracker3.getEmail(CopyOfEmailTracker3.java:79)
	at com.osl.automation.testcase.osl.CopyOfEmailTracker3.getEmail(CopyOfEmailTracker3.java:79)
	at com.osl.automation.testcase.osl.CopyOfEmailTracker3.getEmail(CopyOfEmailTracker3.java:79)
	at com.osl.automation.testcase.osl.CopyOfEmailTracker3.getEmail(CopyOfEmailTracker3.java:79)
	at com.osl.automation.testcase.osl.CopyOfEmailTracker3.getEmail(CopyOfEmailTracker3.java:79)
	at com.osl.automation.testcase.osl.CopyOfEmailTracker3.getEmail(CopyOfEmailTracker3.java:79)
	at com.osl.automation.testcase.osl.CopyOfEmailTracker3.getEmail(CopyOfEmailTracker3.java:79)
	at com.osl.automation.testcase.osl.CopyOfEmailTracker3.getEmail(CopyOfEmailTracker3.java:79)
	at com.osl.automation.testcase.osl.CopyOfEmailTracker3.getEmail(CopyOfEmailTracker3.java:79)
	at com.osl.automation.testcase.osl.CopyOfEmailTracker3.getEmail(CopyOfEmailTracker3.java:79)
	at com.osl.automation.testcase.osl.CopyOfEmailTracker3.getEmail(CopyOfEmailTracker3.java:79)
	at com.osl.automation.testcase.osl.CopyOfEmailTracker3.getEmail(CopyOfEmailTracker3.java:79)
	at com.osl.automation.testcase.osl.CopyOfEmailTracker3.getEmail(CopyOfEmailTracker3.java:79)
	at com.osl.automation.testcase.osl.CopyOfEmailTracker3.getEmail(CopyOfEmailTracker3.java:79)
	at com.osl.automation.testcase.osl.CopyOfEmailTracker3.getEmail(CopyOfEmailTracker3.java:79)
	at com.osl.automation.testcase.osl.CopyOfEmailTracker3.getEmail(CopyOfEmailTracker3.java:79)
	at com.osl.automation.testcase.osl.CopyOfEmailTracker3.getEmail(CopyOfEmailTracker3.java:79)
	at com.osl.automation.testcase.osl.CopyOfEmailTracker3.getEmail(CopyOfEmailTracker3.java:79)
	at com.osl.automation.testcase.osl.CopyOfEmailTracker3.getEmail(CopyOfEmailTracker3.java:79)
	at com.osl.automation.testcase.osl.CopyOfEmailTracker3.getEmail(CopyOfEmailTracker3.java:79)
	at com.osl.automation.testcase.osl.CopyOfEmailTracker3.getEmail(CopyOfEmailTracker3.java:79)
	at com.osl.automation.testcase.osl.CopyOfEmailTracker3.getEmail(CopyOfEmailTracker3.java:79)
	at com.osl.automation.testcase.osl.CopyOfEmailTracker3.getEmail(CopyOfEmailTracker3.java:79)
	at com.osl.automation.testcase.osl.CopyOfEmailTracker3.getEmail(CopyOfEmailTracker3.java:79)
	at com.osl.automation.testcase.osl.CopyOfEmailTracker3.getEmail(CopyOfEmailTracker3.java:79)
	at com.osl.automation.testcase.osl.CopyOfEmailTracker3.getEmail(CopyOfEmailTracker3.java:79)
	at com.osl.automation.testcase.osl.CopyOfEmailTracker3.getEmail(CopyOfEmailTracker3.java:79)
	at com.osl.automation.testcase.osl.CopyOfEmailTracker3.getEmail(CopyOfEmailTracker3.java:79)
	at com.osl.automation.testcase.osl.CopyOfEmailTracker3.getEmail(CopyOfEmailTracker3.java:79)
	at com.osl.automation.testcase.osl.CopyOfEmailTracker3.getEmail(CopyOfEmailTracker3.java:79)
	at com.osl.automation.testcase.osl.CopyOfEmailTracker3.getEmail(CopyOfEmailTracker3.java:79)
	at com.osl.automation.testcase.osl.CopyOfEmailTracker3.getEmail(CopyOfEmailTracker3.java:79)
	at com.osl.automation.testcase.osl.CopyOfEmailTracker3.case1(CopyOfEmailTracker3.java:61)
	at sun.reflect.NativeMethodAccessorImpl.invoke0(Native Method)
	at sun.reflect.NativeMethodAccessorImpl.invoke(Unknown Source)
	at sun.reflect.DelegatingMethodAccessorImpl.invoke(Unknown Source)
	at java.lang.reflect.Method.invoke(Unknown Source)
	at org.testng.internal.MethodInvocationHelper.invokeMethod(MethodInvocationHelper.java:85)
	at org.testng.internal.Invoker.invokeMethod(Invoker.java:696)
	at org.testng.internal.Invoker.invokeTestMethod(Invoker.java:882)
	at org.testng.internal.Invoker.invokeTestMethods(Invoker.java:1189)
	at org.testng.internal.TestMethodWorker.invokeTestMethods(TestMethodWorker.java:124)
	at org.testng.internal.TestMethodWorker.run(TestMethodWorker.java:108)
	at java.util.concurrent.ThreadPoolExecutor.runWorker(Unknown Source)
	at java.util.concurrent.ThreadPoolExecutor$Worker.run(Unknown Source)
	at java.lang.Thread.run(Unknown Source)
Caused by: org.openqa.selenium.NoSuchWindowException: Window not found. The browser window may have been closed.
Build info: version: '2.45.0', revision: '5017cb8e7ca8e37638dc3091b2440b90a1d8686f', time: '2015-02-27 09:10:26'
System info: host: 'zhoupeipei', ip: '192.168.0.2', os.name: 'Windows 8.1', os.arch: 'amd64', os.version: '6.3', java.version: '1.7.0_79'
Driver info: driver.version: unknown
	at <anonymous class>.nsCommandProcessor.prototype.execute(file:///C:/Users/ziqi/AppData/Local/Temp/anonymous525891218697761381webdriver-profile/extensions/fxdriver@googlecode.com/components/command-processor.js:12343)
	at <anonymous class>.Dispatcher.executeAs/<(file:///C:/Users/ziqi/AppData/Local/Temp/anonymous525891218697761381webdriver-profile/extensions/fxdriver@googlecode.com/components/driver-component.js:9061)
	at <anonymous class>.Resource.prototype.handle(file:///C:/Users/ziqi/AppData/Local/Temp/anonymous525891218697761381webdriver-profile/extensions/fxdriver@googlecode.com/components/driver-component.js:9208)
	at <anonymous class>.Dispatcher.prototype.dispatch(file:///C:/Users/ziqi/AppData/Local/Temp/anonymous525891218697761381webdriver-profile/extensions/fxdriver@googlecode.com/components/driver-component.js:9155)
	at <anonymous class>.WebDriverServer/<.handle(file:///C:/Users/ziqi/AppData/Local/Temp/anonymous525891218697761381webdriver-profile/extensions/fxdriver@googlecode.com/components/driver-component.js:12128)
	at <anonymous class>.createHandlerFunc/<(file:///C:/Users/ziqi/AppData/Local/Temp/anonymous525891218697761381webdriver-profile/extensions/fxdriver@googlecode.com/components/httpd.js:2058)
	at <anonymous class>.ServerHandler.prototype.handleResponse(file:///C:/Users/ziqi/AppData/Local/Temp/anonymous525891218697761381webdriver-profile/extensions/fxdriver@googlecode.com/components/httpd.js:2391)
	at <anonymous class>.Connection.prototype.process(file:///C:/Users/ziqi/AppData/Local/Temp/anonymous525891218697761381webdriver-profile/extensions/fxdriver@googlecode.com/components/httpd.js:1227)
	at <anonymous class>.RequestReader.prototype._handleResponse(file:///C:/Users/ziqi/AppData/Local/Temp/anonymous525891218697761381webdriver-profile/extensions/fxdriver@googlecode.com/components/httpd.js:1681)
	at <anonymous class>.RequestReader.prototype._processBody(file:///C:/Users/ziqi/AppData/Local/Temp/anonymous525891218697761381webdriver-profile/extensions/fxdriver@googlecode.com/components/httpd.js:1529)
	at <anonymous class>.RequestReader.prototype.onInputStreamReady(file:///C:/Users/ziqi/AppData/Local/Temp/anonymous525891218697761381webdriver-profile/extensions/fxdriver@googlecode.com/components/httpd.js:1397)
]]>
    </failure>
  </testcase> <!-- case1 -->
</testsuite> <!-- com.osl.automation.testcase.osl.CopyOfEmailTracker3 -->
