<?xml version="1.0" encoding="UTF-8"?>
<!-- Generated by org.testng.reporters.JUnitReportReporter -->
<testsuite hostname="Dan-pc" name="com.osl.automation.testcase.osl.ADVC_URL1_3" tests="1" failures="0" timestamp="28 May 2015 09:03:01 GMT" time="358.997" errors="0">
  <testcase name="case1" time="358.997" classname="com.osl.automation.testcase.osl.ADVC_URL1_3"/>
</testsuite> <!-- com.osl.automation.testcase.osl.ADVC_URL1_3 -->
